2024-12-19 13:36:58 [main] INFO  o.rutz.AttributeLevelTransformation - Starting transformation for field: $.companyName
2024-12-19 13:36:58 [main] INFO  o.rutz.AttributeLevelTransformation - Source value: Tech Innovators Inc.
2024-12-19 13:36:58 [main] INFO  o.rutz.AttributeLevelTransformation - Mapping expression: 
2024-12-19 13:36:58 [main] INFO  o.rutz.AttributeLevelTransformation - Expected XML type: String
2024-12-19 13:36:58 [main] INFO  o.rutz.AttributeLevelTransformation - Source value data type: java.lang.String
2024-12-19 13:36:58 [main] INFO  o.rutz.AttributeLevelTransformation - Evaluating expression with context: org.apache.commons.jexl3.MapContext@421e361
2024-12-19 13:36:58 [main] INFO  o.rutz.AttributeLevelTransformation - Transformation resulted in null value, returning source value: Tech Innovators Inc.
2024-12-19 13:36:58 [main] INFO  o.rutz.AttributeLevelTransformation - Starting transformation for field: $.companyLocation
2024-12-19 13:36:58 [main] INFO  o.rutz.AttributeLevelTransformation - Source value: San Francisco, CA
2024-12-19 13:36:58 [main] INFO  o.rutz.AttributeLevelTransformation - Mapping expression: 
2024-12-19 13:36:58 [main] INFO  o.rutz.AttributeLevelTransformation - Expected XML type: String
2024-12-19 13:36:58 [main] INFO  o.rutz.AttributeLevelTransformation - Source value data type: java.lang.String
2024-12-19 13:36:58 [main] INFO  o.rutz.AttributeLevelTransformation - Evaluating expression with context: org.apache.commons.jexl3.MapContext@2c07545f
2024-12-19 13:36:58 [main] INFO  o.rutz.AttributeLevelTransformation - Transformation resulted in null value, returning source value: San Francisco, CA
2024-12-19 13:36:58 [main] INFO  o.rutz.AttributeLevelTransformation - Starting transformation for field: $.branchNameNA
2024-12-19 13:36:58 [main] INFO  o.rutz.AttributeLevelTransformation - Source value: North America HQ
2024-12-19 13:36:58 [main] INFO  o.rutz.AttributeLevelTransformation - Mapping expression: 
2024-12-19 13:36:58 [main] INFO  o.rutz.AttributeLevelTransformation - Expected XML type: String
2024-12-19 13:36:58 [main] INFO  o.rutz.AttributeLevelTransformation - Source value data type: java.lang.String
2024-12-19 13:36:58 [main] INFO  o.rutz.AttributeLevelTransformation - Evaluating expression with context: org.apache.commons.jexl3.MapContext@36328d33
2024-12-19 13:36:58 [main] INFO  o.rutz.AttributeLevelTransformation - Transformation resulted in null value, returning source value: North America HQ
2024-12-19 13:36:58 [main] INFO  o.rutz.AttributeLevelTransformation - Starting transformation for field: $.branchNameEU
2024-12-19 13:36:58 [main] INFO  o.rutz.AttributeLevelTransformation - Source value: EU Branch
2024-12-19 13:36:58 [main] INFO  o.rutz.AttributeLevelTransformation - Mapping expression: 
2024-12-19 13:36:58 [main] INFO  o.rutz.AttributeLevelTransformation - Expected XML type: String
2024-12-19 13:36:58 [main] INFO  o.rutz.AttributeLevelTransformation - Source value data type: java.lang.String
2024-12-19 13:36:58 [main] INFO  o.rutz.AttributeLevelTransformation - Evaluating expression with context: org.apache.commons.jexl3.MapContext@2c4d1ac
2024-12-19 13:36:58 [main] INFO  o.rutz.AttributeLevelTransformation - Transformation resulted in null value, returning source value: EU Branch
2024-12-19 13:36:58 [main] INFO  o.rutz.AttributeLevelTransformation - Starting transformation for field: $.teamNameSD
2024-12-19 13:36:58 [main] INFO  o.rutz.AttributeLevelTransformation - Source value: Software Development
2024-12-19 13:36:58 [main] INFO  o.rutz.AttributeLevelTransformation - Mapping expression: 
2024-12-19 13:36:58 [main] INFO  o.rutz.AttributeLevelTransformation - Expected XML type: String
2024-12-19 13:36:58 [main] INFO  o.rutz.AttributeLevelTransformation - Source value data type: java.lang.String
2024-12-19 13:36:58 [main] INFO  o.rutz.AttributeLevelTransformation - Evaluating expression with context: org.apache.commons.jexl3.MapContext@7f0d96f2
2024-12-19 13:36:58 [main] INFO  o.rutz.AttributeLevelTransformation - Transformation resulted in null value, returning source value: Software Development
2024-12-19 13:36:58 [main] INFO  o.rutz.AttributeLevelTransformation - Starting transformation for field: $.teamNameMK
2024-12-19 13:36:58 [main] INFO  o.rutz.AttributeLevelTransformation - Source value: Marketing
2024-12-19 13:36:58 [main] INFO  o.rutz.AttributeLevelTransformation - Mapping expression: 
2024-12-19 13:36:58 [main] INFO  o.rutz.AttributeLevelTransformation - Expected XML type: String
2024-12-19 13:36:58 [main] INFO  o.rutz.AttributeLevelTransformation - Source value data type: java.lang.String
2024-12-19 13:36:58 [main] INFO  o.rutz.AttributeLevelTransformation - Evaluating expression with context: org.apache.commons.jexl3.MapContext@545b995e
2024-12-19 13:36:58 [main] INFO  o.rutz.AttributeLevelTransformation - Transformation resulted in null value, returning source value: Marketing
2024-12-19 13:36:58 [main] INFO  o.rutz.AttributeLevelTransformation - Starting transformation for field: $.id
2024-12-19 13:36:58 [main] INFO  o.rutz.AttributeLevelTransformation - Source value: M1
2024-12-19 13:36:58 [main] INFO  o.rutz.AttributeLevelTransformation - Mapping expression: 
2024-12-19 13:36:58 [main] INFO  o.rutz.AttributeLevelTransformation - Expected XML type: String
2024-12-19 13:36:58 [main] INFO  o.rutz.AttributeLevelTransformation - Source value data type: java.lang.String
2024-12-19 13:36:58 [main] INFO  o.rutz.AttributeLevelTransformation - Evaluating expression with context: org.apache.commons.jexl3.MapContext@76a2ddf3
2024-12-19 13:36:58 [main] INFO  o.rutz.AttributeLevelTransformation - Transformation resulted in null value, returning source value: M1
2024-12-19 13:36:58 [main] INFO  o.rutz.AttributeLevelTransformation - Starting transformation for field: $.name
2024-12-19 13:36:58 [main] INFO  o.rutz.AttributeLevelTransformation - Source value: Alice Johnson
2024-12-19 13:36:58 [main] INFO  o.rutz.AttributeLevelTransformation - Mapping expression: 
2024-12-19 13:36:58 [main] INFO  o.rutz.AttributeLevelTransformation - Expected XML type: String
2024-12-19 13:36:58 [main] INFO  o.rutz.AttributeLevelTransformation - Source value data type: java.lang.String
2024-12-19 13:36:58 [main] INFO  o.rutz.AttributeLevelTransformation - Evaluating expression with context: org.apache.commons.jexl3.MapContext@524f3b3a
2024-12-19 13:36:58 [main] INFO  o.rutz.AttributeLevelTransformation - Transformation resulted in null value, returning source value: Alice Johnson
2024-12-19 13:36:58 [main] INFO  o.rutz.AttributeLevelTransformation - Starting transformation for field: $.role
2024-12-19 13:36:58 [main] INFO  o.rutz.AttributeLevelTransformation - Source value: Lead Developer
2024-12-19 13:36:58 [main] INFO  o.rutz.AttributeLevelTransformation - Mapping expression: 
2024-12-19 13:36:58 [main] INFO  o.rutz.AttributeLevelTransformation - Expected XML type: String
2024-12-19 13:36:58 [main] INFO  o.rutz.AttributeLevelTransformation - Source value data type: java.lang.String
2024-12-19 13:36:58 [main] INFO  o.rutz.AttributeLevelTransformation - Evaluating expression with context: org.apache.commons.jexl3.MapContext@41e68d87
2024-12-19 13:36:58 [main] INFO  o.rutz.AttributeLevelTransformation - Transformation resulted in null value, returning source value: Lead Developer
2024-12-19 13:36:58 [main] INFO  o.rutz.AttributeLevelTransformation - Starting transformation for field: $.salary
2024-12-19 13:36:58 [main] INFO  o.rutz.AttributeLevelTransformation - Source value: 120000
2024-12-19 13:36:58 [main] INFO  o.rutz.AttributeLevelTransformation - Mapping expression: 
2024-12-19 13:36:58 [main] INFO  o.rutz.AttributeLevelTransformation - Expected XML type: Decimal
2024-12-19 13:36:58 [main] INFO  o.rutz.AttributeLevelTransformation - Source value data type: java.lang.String
2024-12-19 13:36:58 [main] INFO  o.rutz.AttributeLevelTransformation - Evaluating expression with context: org.apache.commons.jexl3.MapContext@49ff7d8c
2024-12-19 13:36:58 [main] INFO  o.rutz.AttributeLevelTransformation - Transformation resulted in null value, returning source value: 120000
2024-12-19 13:36:58 [main] INFO  o.rutz.AttributeLevelTransformation - Starting transformation for field: $.taskId
2024-12-19 13:36:58 [main] INFO  o.rutz.AttributeLevelTransformation - Source value: 55
2024-12-19 13:36:58 [main] INFO  o.rutz.AttributeLevelTransformation - Mapping expression: fmfcn:addFive(val)
2024-12-19 13:36:58 [main] INFO  o.rutz.AttributeLevelTransformation - Expected XML type: String
2024-12-19 13:36:58 [main] INFO  o.rutz.AttributeLevelTransformation - Source value data type: java.lang.String
2024-12-19 13:36:58 [main] WARN  o.rutz.AttributeLevelTransformation - Unrecognized data type for conversion: String
2024-12-19 13:36:58 [main] INFO  o.rutz.AttributeLevelTransformation - Converted value: 55 (type: java.lang.String)
2024-12-19 13:36:58 [main] INFO  o.rutz.AttributeLevelTransformation - Evaluating expression with context: org.apache.commons.jexl3.MapContext@29526c05
2024-12-19 13:36:58 [main] ERROR o.rutz.AttributeLevelTransformation - Error evaluating JEXL expression for field: $.taskId with value: 55
org.apache.commons.jexl3.JexlException$Method: org.rutz.ExpressionEvaluator.attrEval:53 unsolvable function/method 'addFive(String)'
	at org.rutz.ExpressionEvaluator.attrEval(ExpressionEvaluator.java:54)
	at org.rutz.AttributeLevelTransformation.transform(AttributeLevelTransformation.java:62)
	at org.rutz.JsonToXmlSteam.processValueNode(JsonToXmlSteam.java:113)
	at org.rutz.JsonToXmlSteam.processElement(JsonToXmlSteam.java:75)
	at org.rutz.JsonToXmlSteam.writeXmlElement(JsonToXmlSteam.java:52)
	at org.rutz.JsonToXmlSteam.processChildMappings(JsonToXmlSteam.java:128)
	at org.rutz.JsonToXmlSteam.processArrayElement(JsonToXmlSteam.java:90)
	at org.rutz.JsonToXmlSteam.processElement(JsonToXmlSteam.java:71)
	at org.rutz.JsonToXmlSteam.writeXmlElement(JsonToXmlSteam.java:60)
	at org.rutz.JsonToXmlSteam.processChildMappings(JsonToXmlSteam.java:128)
	at org.rutz.JsonToXmlSteam.processArrayElement(JsonToXmlSteam.java:90)
	at org.rutz.JsonToXmlSteam.processElement(JsonToXmlSteam.java:71)
	at org.rutz.JsonToXmlSteam.writeXmlElement(JsonToXmlSteam.java:60)
	at org.rutz.JsonToXmlSteam.processChildMappings(JsonToXmlSteam.java:128)
	at org.rutz.JsonToXmlSteam.processArrayElement(JsonToXmlSteam.java:90)
	at org.rutz.JsonToXmlSteam.processElement(JsonToXmlSteam.java:71)
	at org.rutz.JsonToXmlSteam.writeXmlElement(JsonToXmlSteam.java:60)
	at org.rutz.JsonToXmlSteam.processChildMappings(JsonToXmlSteam.java:128)
	at org.rutz.JsonToXmlSteam.processArrayElement(JsonToXmlSteam.java:90)
	at org.rutz.JsonToXmlSteam.processElement(JsonToXmlSteam.java:71)
	at org.rutz.JsonToXmlSteam.writeXmlElement(JsonToXmlSteam.java:60)
	at org.rutz.JsonToXmlSteam.processChildMappings(JsonToXmlSteam.java:128)
	at org.rutz.JsonToXmlSteam.processObjectElement(JsonToXmlSteam.java:102)
	at org.rutz.JsonToXmlSteam.processElement(JsonToXmlSteam.java:73)
	at org.rutz.JsonToXmlSteam.writeXmlElement(JsonToXmlSteam.java:52)
	at org.rutz.JsonToXmlSteam.processChildMappings(JsonToXmlSteam.java:128)
	at org.rutz.JsonToXmlSteam.processObjectElement(JsonToXmlSteam.java:102)
	at org.rutz.JsonToXmlSteam.processElement(JsonToXmlSteam.java:73)
	at org.rutz.JsonToXmlSteam.writeXmlElement(JsonToXmlSteam.java:52)
	at org.rutz.JsonToXmlSteam.transformJsonToXml(JsonToXmlSteam.java:35)
	at JsonToXmlStreamTest.testJsonToXmlTransformation(JsonToXmlStreamTest.java:26)
	at java.base/jdk.internal.reflect.NativeMethodAccessorImpl.invoke0(Native Method)
	at java.base/jdk.internal.reflect.NativeMethodAccessorImpl.invoke(NativeMethodAccessorImpl.java:77)
	at java.base/jdk.internal.reflect.DelegatingMethodAccessorImpl.invoke(DelegatingMethodAccessorImpl.java:43)
	at java.base/java.lang.reflect.Method.invoke(Method.java:568)
	at org.junit.platform.commons.util.ReflectionUtils.invokeMethod(ReflectionUtils.java:727)
	at org.junit.jupiter.engine.execution.MethodInvocation.proceed(MethodInvocation.java:60)
	at org.junit.jupiter.engine.execution.InvocationInterceptorChain$ValidatingInvocation.proceed(InvocationInterceptorChain.java:131)
	at org.junit.jupiter.engine.extension.TimeoutExtension.intercept(TimeoutExtension.java:156)
	at org.junit.jupiter.engine.extension.TimeoutExtension.interceptTestableMethod(TimeoutExtension.java:147)
	at org.junit.jupiter.engine.extension.TimeoutExtension.interceptTestMethod(TimeoutExtension.java:86)
	at org.junit.jupiter.engine.execution.InterceptingExecutableInvoker$ReflectiveInterceptorCall.lambda$ofVoidMethod$0(InterceptingExecutableInvoker.java:103)
	at org.junit.jupiter.engine.execution.InterceptingExecutableInvoker.lambda$invoke$0(InterceptingExecutableInvoker.java:93)
	at org.junit.jupiter.engine.execution.InvocationInterceptorChain$InterceptedInvocation.proceed(InvocationInterceptorChain.java:106)
	at org.junit.jupiter.engine.execution.InvocationInterceptorChain.proceed(InvocationInterceptorChain.java:64)
	at org.junit.jupiter.engine.execution.InvocationInterceptorChain.chainAndInvoke(InvocationInterceptorChain.java:45)
	at org.junit.jupiter.engine.execution.InvocationInterceptorChain.invoke(InvocationInterceptorChain.java:37)
	at org.junit.jupiter.engine.execution.InterceptingExecutableInvoker.invoke(InterceptingExecutableInvoker.java:92)
	at org.junit.jupiter.engine.execution.InterceptingExecutableInvoker.invoke(InterceptingExecutableInvoker.java:86)
	at org.junit.jupiter.engine.descriptor.TestMethodTestDescriptor.lambda$invokeTestMethod$7(TestMethodTestDescriptor.java:217)
	at org.junit.platform.engine.support.hierarchical.ThrowableCollector.execute(ThrowableCollector.java:73)
	at org.junit.jupiter.engine.descriptor.TestMethodTestDescriptor.invokeTestMethod(TestMethodTestDescriptor.java:213)
	at org.junit.jupiter.engine.descriptor.TestMethodTestDescriptor.execute(TestMethodTestDescriptor.java:138)
	at org.junit.jupiter.engine.descriptor.TestMethodTestDescriptor.execute(TestMethodTestDescriptor.java:68)
	at org.junit.platform.engine.support.hierarchical.NodeTestTask.lambda$executeRecursively$6(NodeTestTask.java:151)
	at org.junit.platform.engine.support.hierarchical.ThrowableCollector.execute(ThrowableCollector.java:73)
	at org.junit.platform.engine.support.hierarchical.NodeTestTask.lambda$executeRecursively$8(NodeTestTask.java:141)
	at org.junit.platform.engine.support.hierarchical.Node.around(Node.java:137)
	at org.junit.platform.engine.support.hierarchical.NodeTestTask.lambda$executeRecursively$9(NodeTestTask.java:139)
	at org.junit.platform.engine.support.hierarchical.ThrowableCollector.execute(ThrowableCollector.java:73)
	at org.junit.platform.engine.support.hierarchical.NodeTestTask.executeRecursively(NodeTestTask.java:138)
	at org.junit.platform.engine.support.hierarchical.NodeTestTask.execute(NodeTestTask.java:95)
	at java.base/java.util.ArrayList.forEach(ArrayList.java:1511)
	at org.junit.platform.engine.support.hierarchical.SameThreadHierarchicalTestExecutorService.invokeAll(SameThreadHierarchicalTestExecutorService.java:41)
	at org.junit.platform.engine.support.hierarchical.NodeTestTask.lambda$executeRecursively$6(NodeTestTask.java:155)
	at org.junit.platform.engine.support.hierarchical.ThrowableCollector.execute(ThrowableCollector.java:73)
	at org.junit.platform.engine.support.hierarchical.NodeTestTask.lambda$executeRecursively$8(NodeTestTask.java:141)
	at org.junit.platform.engine.support.hierarchical.Node.around(Node.java:137)
	at org.junit.platform.engine.support.hierarchical.NodeTestTask.lambda$executeRecursively$9(NodeTestTask.java:139)
	at org.junit.platform.engine.support.hierarchical.ThrowableCollector.execute(ThrowableCollector.java:73)
	at org.junit.platform.engine.support.hierarchical.NodeTestTask.executeRecursively(NodeTestTask.java:138)
	at org.junit.platform.engine.support.hierarchical.NodeTestTask.execute(NodeTestTask.java:95)
	at java.base/java.util.ArrayList.forEach(ArrayList.java:1511)
	at org.junit.platform.engine.support.hierarchical.SameThreadHierarchicalTestExecutorService.invokeAll(SameThreadHierarchicalTestExecutorService.java:41)
	at org.junit.platform.engine.support.hierarchical.NodeTestTask.lambda$executeRecursively$6(NodeTestTask.java:155)
	at org.junit.platform.engine.support.hierarchical.ThrowableCollector.execute(ThrowableCollector.java:73)
	at org.junit.platform.engine.support.hierarchical.NodeTestTask.lambda$executeRecursively$8(NodeTestTask.java:141)
	at org.junit.platform.engine.support.hierarchical.Node.around(Node.java:137)
	at org.junit.platform.engine.support.hierarchical.NodeTestTask.lambda$executeRecursively$9(NodeTestTask.java:139)
	at org.junit.platform.engine.support.hierarchical.ThrowableCollector.execute(ThrowableCollector.java:73)
	at org.junit.platform.engine.support.hierarchical.NodeTestTask.executeRecursively(NodeTestTask.java:138)
	at org.junit.platform.engine.support.hierarchical.NodeTestTask.execute(NodeTestTask.java:95)
	at org.junit.platform.engine.support.hierarchical.SameThreadHierarchicalTestExecutorService.submit(SameThreadHierarchicalTestExecutorService.java:35)
	at org.junit.platform.engine.support.hierarchical.HierarchicalTestExecutor.execute(HierarchicalTestExecutor.java:57)
	at org.junit.platform.engine.support.hierarchical.HierarchicalTestEngine.execute(HierarchicalTestEngine.java:54)
	at org.junit.platform.launcher.core.EngineExecutionOrchestrator.execute(EngineExecutionOrchestrator.java:147)
	at org.junit.platform.launcher.core.EngineExecutionOrchestrator.execute(EngineExecutionOrchestrator.java:127)
	at org.junit.platform.launcher.core.EngineExecutionOrchestrator.execute(EngineExecutionOrchestrator.java:90)
	at org.junit.platform.launcher.core.EngineExecutionOrchestrator.lambda$execute$0(EngineExecutionOrchestrator.java:55)
	at org.junit.platform.launcher.core.EngineExecutionOrchestrator.withInterceptedStreams(EngineExecutionOrchestrator.java:102)
	at org.junit.platform.launcher.core.EngineExecutionOrchestrator.execute(EngineExecutionOrchestrator.java:54)
	at org.junit.platform.launcher.core.DefaultLauncher.execute(DefaultLauncher.java:114)
	at org.junit.platform.launcher.core.DefaultLauncher.execute(DefaultLauncher.java:86)
	at org.junit.platform.launcher.core.DefaultLauncherSession$DelegatingLauncher.execute(DefaultLauncherSession.java:86)
	at org.junit.platform.launcher.core.SessionPerRequestLauncher.execute(SessionPerRequestLauncher.java:53)
	at com.intellij.junit5.JUnit5IdeaTestRunner.startRunnerWithArgs(JUnit5IdeaTestRunner.java:57)
	at com.intellij.rt.junit.IdeaTestRunner$Repeater$1.execute(IdeaTestRunner.java:38)
	at com.intellij.rt.execution.junit.TestsRepeater.repeat(TestsRepeater.java:11)
	at com.intellij.rt.junit.IdeaTestRunner$Repeater.startRunnerWithArgs(IdeaTestRunner.java:35)
	at com.intellij.rt.junit.JUnitStarter.prepareStreamsAndStart(JUnitStarter.java:232)
	at com.intellij.rt.junit.JUnitStarter.main(JUnitStarter.java:55)
2024-12-19 13:37:45 [main] INFO  o.rutz.AttributeLevelTransformation - Starting transformation for field: $.companyName
2024-12-19 13:37:45 [main] INFO  o.rutz.AttributeLevelTransformation - Source value: Tech Innovators Inc.
2024-12-19 13:37:45 [main] INFO  o.rutz.AttributeLevelTransformation - Mapping expression: 
2024-12-19 13:37:45 [main] INFO  o.rutz.AttributeLevelTransformation - Expected XML type: String
2024-12-19 13:37:45 [main] INFO  o.rutz.AttributeLevelTransformation - Source value data type: java.lang.String
2024-12-19 13:37:45 [main] INFO  o.rutz.AttributeLevelTransformation - Evaluating expression with context: org.apache.commons.jexl3.MapContext@6b58b9e9
2024-12-19 13:37:45 [main] INFO  o.rutz.AttributeLevelTransformation - Transformation resulted in null value, returning source value: Tech Innovators Inc.
2024-12-19 13:37:45 [main] INFO  o.rutz.AttributeLevelTransformation - Starting transformation for field: $.companyLocation
2024-12-19 13:37:45 [main] INFO  o.rutz.AttributeLevelTransformation - Source value: San Francisco, CA
2024-12-19 13:37:45 [main] INFO  o.rutz.AttributeLevelTransformation - Mapping expression: 
2024-12-19 13:37:45 [main] INFO  o.rutz.AttributeLevelTransformation - Expected XML type: String
2024-12-19 13:37:45 [main] INFO  o.rutz.AttributeLevelTransformation - Source value data type: java.lang.String
2024-12-19 13:37:45 [main] INFO  o.rutz.AttributeLevelTransformation - Evaluating expression with context: org.apache.commons.jexl3.MapContext@332796d3
2024-12-19 13:37:45 [main] INFO  o.rutz.AttributeLevelTransformation - Transformation resulted in null value, returning source value: San Francisco, CA
2024-12-19 13:37:45 [main] INFO  o.rutz.AttributeLevelTransformation - Starting transformation for field: $.branchNameNA
2024-12-19 13:37:45 [main] INFO  o.rutz.AttributeLevelTransformation - Source value: North America HQ
2024-12-19 13:37:45 [main] INFO  o.rutz.AttributeLevelTransformation - Mapping expression: 
2024-12-19 13:37:45 [main] INFO  o.rutz.AttributeLevelTransformation - Expected XML type: String
2024-12-19 13:37:45 [main] INFO  o.rutz.AttributeLevelTransformation - Source value data type: java.lang.String
2024-12-19 13:37:45 [main] INFO  o.rutz.AttributeLevelTransformation - Evaluating expression with context: org.apache.commons.jexl3.MapContext@673be18f
2024-12-19 13:37:45 [main] INFO  o.rutz.AttributeLevelTransformation - Transformation resulted in null value, returning source value: North America HQ
2024-12-19 13:37:45 [main] INFO  o.rutz.AttributeLevelTransformation - Starting transformation for field: $.branchNameEU
2024-12-19 13:37:45 [main] INFO  o.rutz.AttributeLevelTransformation - Source value: EU Branch
2024-12-19 13:37:45 [main] INFO  o.rutz.AttributeLevelTransformation - Mapping expression: 
2024-12-19 13:37:45 [main] INFO  o.rutz.AttributeLevelTransformation - Expected XML type: String
2024-12-19 13:37:45 [main] INFO  o.rutz.AttributeLevelTransformation - Source value data type: java.lang.String
2024-12-19 13:37:45 [main] INFO  o.rutz.AttributeLevelTransformation - Evaluating expression with context: org.apache.commons.jexl3.MapContext@6581dc0a
2024-12-19 13:37:45 [main] INFO  o.rutz.AttributeLevelTransformation - Transformation resulted in null value, returning source value: EU Branch
2024-12-19 13:37:45 [main] INFO  o.rutz.AttributeLevelTransformation - Starting transformation for field: $.teamNameSD
2024-12-19 13:37:45 [main] INFO  o.rutz.AttributeLevelTransformation - Source value: Software Development
2024-12-19 13:37:45 [main] INFO  o.rutz.AttributeLevelTransformation - Mapping expression: 
2024-12-19 13:37:45 [main] INFO  o.rutz.AttributeLevelTransformation - Expected XML type: String
2024-12-19 13:37:45 [main] INFO  o.rutz.AttributeLevelTransformation - Source value data type: java.lang.String
2024-12-19 13:37:45 [main] INFO  o.rutz.AttributeLevelTransformation - Evaluating expression with context: org.apache.commons.jexl3.MapContext@39de3d36
2024-12-19 13:37:45 [main] INFO  o.rutz.AttributeLevelTransformation - Transformation resulted in null value, returning source value: Software Development
2024-12-19 13:37:45 [main] INFO  o.rutz.AttributeLevelTransformation - Starting transformation for field: $.teamNameMK
2024-12-19 13:37:45 [main] INFO  o.rutz.AttributeLevelTransformation - Source value: Marketing
2024-12-19 13:37:45 [main] INFO  o.rutz.AttributeLevelTransformation - Mapping expression: 
2024-12-19 13:37:45 [main] INFO  o.rutz.AttributeLevelTransformation - Expected XML type: String
2024-12-19 13:37:45 [main] INFO  o.rutz.AttributeLevelTransformation - Source value data type: java.lang.String
2024-12-19 13:37:45 [main] INFO  o.rutz.AttributeLevelTransformation - Evaluating expression with context: org.apache.commons.jexl3.MapContext@6ce86ce1
2024-12-19 13:37:45 [main] INFO  o.rutz.AttributeLevelTransformation - Transformation resulted in null value, returning source value: Marketing
2024-12-19 13:37:45 [main] INFO  o.rutz.AttributeLevelTransformation - Starting transformation for field: $.id
2024-12-19 13:37:45 [main] INFO  o.rutz.AttributeLevelTransformation - Source value: M1
2024-12-19 13:37:45 [main] INFO  o.rutz.AttributeLevelTransformation - Mapping expression: 
2024-12-19 13:37:45 [main] INFO  o.rutz.AttributeLevelTransformation - Expected XML type: String
2024-12-19 13:37:45 [main] INFO  o.rutz.AttributeLevelTransformation - Source value data type: java.lang.String
2024-12-19 13:37:45 [main] INFO  o.rutz.AttributeLevelTransformation - Evaluating expression with context: org.apache.commons.jexl3.MapContext@54e7df6a
2024-12-19 13:37:45 [main] INFO  o.rutz.AttributeLevelTransformation - Transformation resulted in null value, returning source value: M1
2024-12-19 13:37:45 [main] INFO  o.rutz.AttributeLevelTransformation - Starting transformation for field: $.name
2024-12-19 13:37:45 [main] INFO  o.rutz.AttributeLevelTransformation - Source value: Alice Johnson
2024-12-19 13:37:45 [main] INFO  o.rutz.AttributeLevelTransformation - Mapping expression: 
2024-12-19 13:37:45 [main] INFO  o.rutz.AttributeLevelTransformation - Expected XML type: String
2024-12-19 13:37:45 [main] INFO  o.rutz.AttributeLevelTransformation - Source value data type: java.lang.String
2024-12-19 13:37:45 [main] INFO  o.rutz.AttributeLevelTransformation - Evaluating expression with context: org.apache.commons.jexl3.MapContext@3fed2870
2024-12-19 13:37:45 [main] INFO  o.rutz.AttributeLevelTransformation - Transformation resulted in null value, returning source value: Alice Johnson
2024-12-19 13:37:45 [main] INFO  o.rutz.AttributeLevelTransformation - Starting transformation for field: $.role
2024-12-19 13:37:45 [main] INFO  o.rutz.AttributeLevelTransformation - Source value: Lead Developer
2024-12-19 13:37:45 [main] INFO  o.rutz.AttributeLevelTransformation - Mapping expression: 
2024-12-19 13:37:45 [main] INFO  o.rutz.AttributeLevelTransformation - Expected XML type: String
2024-12-19 13:37:45 [main] INFO  o.rutz.AttributeLevelTransformation - Source value data type: java.lang.String
2024-12-19 13:37:45 [main] INFO  o.rutz.AttributeLevelTransformation - Evaluating expression with context: org.apache.commons.jexl3.MapContext@77128536
2024-12-19 13:37:45 [main] INFO  o.rutz.AttributeLevelTransformation - Transformation resulted in null value, returning source value: Lead Developer
2024-12-19 13:37:45 [main] INFO  o.rutz.AttributeLevelTransformation - Starting transformation for field: $.salary
2024-12-19 13:37:45 [main] INFO  o.rutz.AttributeLevelTransformation - Source value: 120000
2024-12-19 13:37:45 [main] INFO  o.rutz.AttributeLevelTransformation - Mapping expression: 
2024-12-19 13:37:45 [main] INFO  o.rutz.AttributeLevelTransformation - Expected XML type: Decimal
2024-12-19 13:37:45 [main] INFO  o.rutz.AttributeLevelTransformation - Source value data type: java.lang.String
2024-12-19 13:37:45 [main] INFO  o.rutz.AttributeLevelTransformation - Evaluating expression with context: org.apache.commons.jexl3.MapContext@58326051
2024-12-19 13:37:45 [main] INFO  o.rutz.AttributeLevelTransformation - Transformation resulted in null value, returning source value: 120000
2024-12-19 13:37:45 [main] INFO  o.rutz.AttributeLevelTransformation - Starting transformation for field: $.taskId
2024-12-19 13:37:45 [main] INFO  o.rutz.AttributeLevelTransformation - Source value: 55
2024-12-19 13:37:45 [main] INFO  o.rutz.AttributeLevelTransformation - Mapping expression: 
2024-12-19 13:37:45 [main] INFO  o.rutz.AttributeLevelTransformation - Expected XML type: String
2024-12-19 13:37:45 [main] INFO  o.rutz.AttributeLevelTransformation - Source value data type: java.lang.String
2024-12-19 13:37:45 [main] INFO  o.rutz.AttributeLevelTransformation - Evaluating expression with context: org.apache.commons.jexl3.MapContext@32c4e8b2
2024-12-19 13:37:45 [main] INFO  o.rutz.AttributeLevelTransformation - Transformation resulted in null value, returning source value: 55
2024-12-19 13:37:45 [main] INFO  o.rutz.AttributeLevelTransformation - Starting transformation for field: $.description
2024-12-19 13:37:45 [main] INFO  o.rutz.AttributeLevelTransformation - Source value: Develop new API
2024-12-19 13:37:45 [main] INFO  o.rutz.AttributeLevelTransformation - Mapping expression: 
2024-12-19 13:37:45 [main] INFO  o.rutz.AttributeLevelTransformation - Expected XML type: String
2024-12-19 13:37:45 [main] INFO  o.rutz.AttributeLevelTransformation - Source value data type: java.lang.String
2024-12-19 13:37:45 [main] INFO  o.rutz.AttributeLevelTransformation - Evaluating expression with context: org.apache.commons.jexl3.MapContext@64bce832
2024-12-19 13:37:45 [main] INFO  o.rutz.AttributeLevelTransformation - Transformation resulted in null value, returning source value: Develop new API
2024-12-19 13:37:45 [main] INFO  o.rutz.AttributeLevelTransformation - Starting transformation for field: $.status
2024-12-19 13:37:45 [main] INFO  o.rutz.AttributeLevelTransformation - Source value: In Progress
2024-12-19 13:37:45 [main] INFO  o.rutz.AttributeLevelTransformation - Mapping expression: 
2024-12-19 13:37:45 [main] INFO  o.rutz.AttributeLevelTransformation - Expected XML type: String
2024-12-19 13:37:45 [main] INFO  o.rutz.AttributeLevelTransformation - Source value data type: java.lang.String
2024-12-19 13:37:45 [main] INFO  o.rutz.AttributeLevelTransformation - Evaluating expression with context: org.apache.commons.jexl3.MapContext@764faa6
2024-12-19 13:37:45 [main] INFO  o.rutz.AttributeLevelTransformation - Transformation resulted in null value, returning source value: In Progress
2024-12-19 13:37:45 [main] INFO  o.rutz.AttributeLevelTransformation - Starting transformation for field: $.taskId
2024-12-19 13:37:45 [main] INFO  o.rutz.AttributeLevelTransformation - Source value: 49
2024-12-19 13:37:45 [main] INFO  o.rutz.AttributeLevelTransformation - Mapping expression: 
2024-12-19 13:37:45 [main] INFO  o.rutz.AttributeLevelTransformation - Expected XML type: String
2024-12-19 13:37:45 [main] INFO  o.rutz.AttributeLevelTransformation - Source value data type: java.lang.String
2024-12-19 13:37:45 [main] INFO  o.rutz.AttributeLevelTransformation - Evaluating expression with context: org.apache.commons.jexl3.MapContext@4c1f22f3
2024-12-19 13:37:45 [main] INFO  o.rutz.AttributeLevelTransformation - Transformation resulted in null value, returning source value: 49
2024-12-19 13:37:45 [main] INFO  o.rutz.AttributeLevelTransformation - Starting transformation for field: $.description
2024-12-19 13:37:45 [main] INFO  o.rutz.AttributeLevelTransformation - Source value: Refactor legacy code
2024-12-19 13:37:45 [main] INFO  o.rutz.AttributeLevelTransformation - Mapping expression: 
2024-12-19 13:37:45 [main] INFO  o.rutz.AttributeLevelTransformation - Expected XML type: String
2024-12-19 13:37:45 [main] INFO  o.rutz.AttributeLevelTransformation - Source value data type: java.lang.String
2024-12-19 13:37:45 [main] INFO  o.rutz.AttributeLevelTransformation - Evaluating expression with context: org.apache.commons.jexl3.MapContext@598bd2ba
2024-12-19 13:37:45 [main] INFO  o.rutz.AttributeLevelTransformation - Transformation resulted in null value, returning source value: Refactor legacy code
2024-12-19 13:37:45 [main] INFO  o.rutz.AttributeLevelTransformation - Starting transformation for field: $.status
2024-12-19 13:37:45 [main] INFO  o.rutz.AttributeLevelTransformation - Source value: Completed
2024-12-19 13:37:45 [main] INFO  o.rutz.AttributeLevelTransformation - Mapping expression: 
2024-12-19 13:37:45 [main] INFO  o.rutz.AttributeLevelTransformation - Expected XML type: String
2024-12-19 13:37:45 [main] INFO  o.rutz.AttributeLevelTransformation - Source value data type: java.lang.String
2024-12-19 13:37:45 [main] INFO  o.rutz.AttributeLevelTransformation - Evaluating expression with context: org.apache.commons.jexl3.MapContext@5a755cc1
2024-12-19 13:37:45 [main] INFO  o.rutz.AttributeLevelTransformation - Transformation resulted in null value, returning source value: Completed
2024-12-19 13:37:45 [main] INFO  o.rutz.AttributeLevelTransformation - Starting transformation for field: $.campaignId
2024-12-19 13:37:45 [main] INFO  o.rutz.AttributeLevelTransformation - Source value: C1
2024-12-19 13:37:45 [main] INFO  o.rutz.AttributeLevelTransformation - Mapping expression: 
2024-12-19 13:37:45 [main] INFO  o.rutz.AttributeLevelTransformation - Expected XML type: String
2024-12-19 13:37:45 [main] INFO  o.rutz.AttributeLevelTransformation - Source value data type: java.lang.String
2024-12-19 13:37:45 [main] INFO  o.rutz.AttributeLevelTransformation - Evaluating expression with context: org.apache.commons.jexl3.MapContext@7ae42ce3
2024-12-19 13:37:45 [main] INFO  o.rutz.AttributeLevelTransformation - Transformation resulted in null value, returning source value: C1
2024-12-19 13:37:45 [main] INFO  o.rutz.AttributeLevelTransformation - Starting transformation for field: $.name
2024-12-19 13:37:45 [main] INFO  o.rutz.AttributeLevelTransformation - Source value: Product Launch
2024-12-19 13:37:45 [main] INFO  o.rutz.AttributeLevelTransformation - Mapping expression: 
2024-12-19 13:37:45 [main] INFO  o.rutz.AttributeLevelTransformation - Expected XML type: String
2024-12-19 13:37:45 [main] INFO  o.rutz.AttributeLevelTransformation - Source value data type: java.lang.String
2024-12-19 13:37:45 [main] INFO  o.rutz.AttributeLevelTransformation - Evaluating expression with context: org.apache.commons.jexl3.MapContext@4f5991f6
2024-12-19 13:37:45 [main] INFO  o.rutz.AttributeLevelTransformation - Transformation resulted in null value, returning source value: Product Launch
2024-12-19 13:37:45 [main] INFO  o.rutz.AttributeLevelTransformation - Starting transformation for field: $.status
2024-12-19 13:37:45 [main] INFO  o.rutz.AttributeLevelTransformation - Source value: Ongoing
2024-12-19 13:37:45 [main] INFO  o.rutz.AttributeLevelTransformation - Mapping expression: 
2024-12-19 13:37:45 [main] INFO  o.rutz.AttributeLevelTransformation - Expected XML type: String
2024-12-19 13:37:45 [main] INFO  o.rutz.AttributeLevelTransformation - Source value data type: java.lang.String
2024-12-19 13:37:45 [main] INFO  o.rutz.AttributeLevelTransformation - Evaluating expression with context: org.apache.commons.jexl3.MapContext@484094a5
2024-12-19 13:37:45 [main] INFO  o.rutz.AttributeLevelTransformation - Transformation resulted in null value, returning source value: Ongoing
2024-12-19 13:37:45 [main] INFO  o.rutz.AttributeLevelTransformation - Starting transformation for field: $.id
2024-12-19 13:37:45 [main] INFO  o.rutz.AttributeLevelTransformation - Source value: M2
2024-12-19 13:37:45 [main] INFO  o.rutz.AttributeLevelTransformation - Mapping expression: 
2024-12-19 13:37:45 [main] INFO  o.rutz.AttributeLevelTransformation - Expected XML type: String
2024-12-19 13:37:45 [main] INFO  o.rutz.AttributeLevelTransformation - Source value data type: java.lang.String
2024-12-19 13:37:45 [main] INFO  o.rutz.AttributeLevelTransformation - Evaluating expression with context: org.apache.commons.jexl3.MapContext@38234a38
2024-12-19 13:37:45 [main] INFO  o.rutz.AttributeLevelTransformation - Transformation resulted in null value, returning source value: M2
2024-12-19 13:37:45 [main] INFO  o.rutz.AttributeLevelTransformation - Starting transformation for field: $.name
2024-12-19 13:37:45 [main] INFO  o.rutz.AttributeLevelTransformation - Source value: Bob Smith
2024-12-19 13:37:45 [main] INFO  o.rutz.AttributeLevelTransformation - Mapping expression: 
2024-12-19 13:37:45 [main] INFO  o.rutz.AttributeLevelTransformation - Expected XML type: String
2024-12-19 13:37:45 [main] INFO  o.rutz.AttributeLevelTransformation - Source value data type: java.lang.String
2024-12-19 13:37:45 [main] INFO  o.rutz.AttributeLevelTransformation - Evaluating expression with context: org.apache.commons.jexl3.MapContext@63fbfaeb
2024-12-19 13:37:45 [main] INFO  o.rutz.AttributeLevelTransformation - Transformation resulted in null value, returning source value: Bob Smith
2024-12-19 13:37:45 [main] INFO  o.rutz.AttributeLevelTransformation - Starting transformation for field: $.role
2024-12-19 13:37:45 [main] INFO  o.rutz.AttributeLevelTransformation - Source value: Marketing Strategist
2024-12-19 13:37:45 [main] INFO  o.rutz.AttributeLevelTransformation - Mapping expression: 
2024-12-19 13:37:45 [main] INFO  o.rutz.AttributeLevelTransformation - Expected XML type: String
2024-12-19 13:37:45 [main] INFO  o.rutz.AttributeLevelTransformation - Source value data type: java.lang.String
2024-12-19 13:37:45 [main] INFO  o.rutz.AttributeLevelTransformation - Evaluating expression with context: org.apache.commons.jexl3.MapContext@602e0143
2024-12-19 13:37:45 [main] INFO  o.rutz.AttributeLevelTransformation - Transformation resulted in null value, returning source value: Marketing Strategist
2024-12-19 13:37:45 [main] INFO  o.rutz.AttributeLevelTransformation - Starting transformation for field: $.salary
2024-12-19 13:37:45 [main] INFO  o.rutz.AttributeLevelTransformation - Source value: 95000
2024-12-19 13:37:45 [main] INFO  o.rutz.AttributeLevelTransformation - Mapping expression: 
2024-12-19 13:37:45 [main] INFO  o.rutz.AttributeLevelTransformation - Expected XML type: Decimal
2024-12-19 13:37:45 [main] INFO  o.rutz.AttributeLevelTransformation - Source value data type: java.lang.String
2024-12-19 13:37:45 [main] INFO  o.rutz.AttributeLevelTransformation - Evaluating expression with context: org.apache.commons.jexl3.MapContext@2c07545f
2024-12-19 13:37:45 [main] INFO  o.rutz.AttributeLevelTransformation - Transformation resulted in null value, returning source value: 95000
2024-12-19 13:37:45 [main] INFO  o.rutz.AttributeLevelTransformation - Starting transformation for field: $.taskId
2024-12-19 13:37:45 [main] INFO  o.rutz.AttributeLevelTransformation - Source value: 56
2024-12-19 13:37:45 [main] INFO  o.rutz.AttributeLevelTransformation - Mapping expression: 
2024-12-19 13:37:45 [main] INFO  o.rutz.AttributeLevelTransformation - Expected XML type: String
2024-12-19 13:37:45 [main] INFO  o.rutz.AttributeLevelTransformation - Source value data type: java.lang.String
2024-12-19 13:37:45 [main] INFO  o.rutz.AttributeLevelTransformation - Evaluating expression with context: org.apache.commons.jexl3.MapContext@e57b96d
2024-12-19 13:37:45 [main] INFO  o.rutz.AttributeLevelTransformation - Transformation resulted in null value, returning source value: 56
2024-12-19 13:37:45 [main] INFO  o.rutz.AttributeLevelTransformation - Starting transformation for field: $.description
2024-12-19 13:37:45 [main] INFO  o.rutz.AttributeLevelTransformation - Source value: Create marketing plan
2024-12-19 13:37:45 [main] INFO  o.rutz.AttributeLevelTransformation - Mapping expression: 
2024-12-19 13:37:45 [main] INFO  o.rutz.AttributeLevelTransformation - Expected XML type: String
2024-12-19 13:37:45 [main] INFO  o.rutz.AttributeLevelTransformation - Source value data type: java.lang.String
2024-12-19 13:37:45 [main] INFO  o.rutz.AttributeLevelTransformation - Evaluating expression with context: org.apache.commons.jexl3.MapContext@32c726ee
2024-12-19 13:37:45 [main] INFO  o.rutz.AttributeLevelTransformation - Transformation resulted in null value, returning source value: Create marketing plan
2024-12-19 13:37:45 [main] INFO  o.rutz.AttributeLevelTransformation - Starting transformation for field: $.status
2024-12-19 13:37:45 [main] INFO  o.rutz.AttributeLevelTransformation - Source value: Completed
2024-12-19 13:37:45 [main] INFO  o.rutz.AttributeLevelTransformation - Mapping expression: 
2024-12-19 13:37:45 [main] INFO  o.rutz.AttributeLevelTransformation - Expected XML type: String
2024-12-19 13:37:45 [main] INFO  o.rutz.AttributeLevelTransformation - Source value data type: java.lang.String
2024-12-19 13:37:45 [main] INFO  o.rutz.AttributeLevelTransformation - Evaluating expression with context: org.apache.commons.jexl3.MapContext@22f31dec
2024-12-19 13:37:45 [main] INFO  o.rutz.AttributeLevelTransformation - Transformation resulted in null value, returning source value: Completed
2024-12-19 13:37:45 [main] INFO  o.rutz.AttributeLevelTransformation - Starting transformation for field: $.campaignId
2024-12-19 13:37:45 [main] INFO  o.rutz.AttributeLevelTransformation - Source value: C2
2024-12-19 13:37:45 [main] INFO  o.rutz.AttributeLevelTransformation - Mapping expression: 
2024-12-19 13:37:45 [main] INFO  o.rutz.AttributeLevelTransformation - Expected XML type: String
2024-12-19 13:37:45 [main] INFO  o.rutz.AttributeLevelTransformation - Source value data type: java.lang.String
2024-12-19 13:37:45 [main] INFO  o.rutz.AttributeLevelTransformation - Evaluating expression with context: org.apache.commons.jexl3.MapContext@34c01041
2024-12-19 13:37:45 [main] INFO  o.rutz.AttributeLevelTransformation - Transformation resulted in null value, returning source value: C2
2024-12-19 13:37:45 [main] INFO  o.rutz.AttributeLevelTransformation - Starting transformation for field: $.name
2024-12-19 13:37:45 [main] INFO  o.rutz.AttributeLevelTransformation - Source value: Holiday Promotion
2024-12-19 13:37:45 [main] INFO  o.rutz.AttributeLevelTransformation - Mapping expression: 
2024-12-19 13:37:45 [main] INFO  o.rutz.AttributeLevelTransformation - Expected XML type: String
2024-12-19 13:37:45 [main] INFO  o.rutz.AttributeLevelTransformation - Source value data type: java.lang.String
2024-12-19 13:37:45 [main] INFO  o.rutz.AttributeLevelTransformation - Evaluating expression with context: org.apache.commons.jexl3.MapContext@76f4b65
2024-12-19 13:37:45 [main] INFO  o.rutz.AttributeLevelTransformation - Transformation resulted in null value, returning source value: Holiday Promotion
2024-12-19 13:37:45 [main] INFO  o.rutz.AttributeLevelTransformation - Starting transformation for field: $.status
2024-12-19 13:37:45 [main] INFO  o.rutz.AttributeLevelTransformation - Source value: Completed
2024-12-19 13:37:45 [main] INFO  o.rutz.AttributeLevelTransformation - Mapping expression: 
2024-12-19 13:37:45 [main] INFO  o.rutz.AttributeLevelTransformation - Expected XML type: String
2024-12-19 13:37:45 [main] INFO  o.rutz.AttributeLevelTransformation - Source value data type: java.lang.String
2024-12-19 13:37:45 [main] INFO  o.rutz.AttributeLevelTransformation - Evaluating expression with context: org.apache.commons.jexl3.MapContext@c94fd30
2024-12-19 13:37:45 [main] INFO  o.rutz.AttributeLevelTransformation - Transformation resulted in null value, returning source value: Completed
2024-12-19 13:37:45 [main] INFO  o.rutz.AttributeLevelTransformation - Starting transformation for field: $.teamNameSD
2024-12-19 13:37:45 [main] INFO  o.rutz.AttributeLevelTransformation - Source value: Product Management
2024-12-19 13:37:45 [main] INFO  o.rutz.AttributeLevelTransformation - Mapping expression: 
2024-12-19 13:37:45 [main] INFO  o.rutz.AttributeLevelTransformation - Expected XML type: String
2024-12-19 13:37:45 [main] INFO  o.rutz.AttributeLevelTransformation - Source value data type: java.lang.String
2024-12-19 13:37:45 [main] INFO  o.rutz.AttributeLevelTransformation - Evaluating expression with context: org.apache.commons.jexl3.MapContext@36328d33
2024-12-19 13:37:45 [main] INFO  o.rutz.AttributeLevelTransformation - Transformation resulted in null value, returning source value: Product Management
2024-12-19 13:37:45 [main] INFO  o.rutz.AttributeLevelTransformation - Starting transformation for field: $.teamNameMK
2024-12-19 13:37:45 [main] INFO  o.rutz.AttributeLevelTransformation - Source value: Sales
2024-12-19 13:37:45 [main] INFO  o.rutz.AttributeLevelTransformation - Mapping expression: 
2024-12-19 13:37:45 [main] INFO  o.rutz.AttributeLevelTransformation - Expected XML type: String
2024-12-19 13:37:45 [main] INFO  o.rutz.AttributeLevelTransformation - Source value data type: java.lang.String
2024-12-19 13:37:45 [main] INFO  o.rutz.AttributeLevelTransformation - Evaluating expression with context: org.apache.commons.jexl3.MapContext@2c4d1ac
2024-12-19 13:37:45 [main] INFO  o.rutz.AttributeLevelTransformation - Transformation resulted in null value, returning source value: Sales
2024-12-19 13:37:45 [main] INFO  o.rutz.AttributeLevelTransformation - Starting transformation for field: $.id
2024-12-19 13:37:45 [main] INFO  o.rutz.AttributeLevelTransformation - Source value: M3
2024-12-19 13:37:45 [main] INFO  o.rutz.AttributeLevelTransformation - Mapping expression: 
2024-12-19 13:37:45 [main] INFO  o.rutz.AttributeLevelTransformation - Expected XML type: String
2024-12-19 13:37:45 [main] INFO  o.rutz.AttributeLevelTransformation - Source value data type: java.lang.String
2024-12-19 13:37:45 [main] INFO  o.rutz.AttributeLevelTransformation - Evaluating expression with context: org.apache.commons.jexl3.MapContext@7f0d96f2
2024-12-19 13:37:45 [main] INFO  o.rutz.AttributeLevelTransformation - Transformation resulted in null value, returning source value: M3
2024-12-19 13:37:45 [main] INFO  o.rutz.AttributeLevelTransformation - Starting transformation for field: $.name
2024-12-19 13:37:45 [main] INFO  o.rutz.AttributeLevelTransformation - Source value: Charlie Brown
2024-12-19 13:37:45 [main] INFO  o.rutz.AttributeLevelTransformation - Mapping expression: 
2024-12-19 13:37:45 [main] INFO  o.rutz.AttributeLevelTransformation - Expected XML type: String
2024-12-19 13:37:45 [main] INFO  o.rutz.AttributeLevelTransformation - Source value data type: java.lang.String
2024-12-19 13:37:45 [main] INFO  o.rutz.AttributeLevelTransformation - Evaluating expression with context: org.apache.commons.jexl3.MapContext@545b995e
2024-12-19 13:37:45 [main] INFO  o.rutz.AttributeLevelTransformation - Transformation resulted in null value, returning source value: Charlie Brown
2024-12-19 13:37:45 [main] INFO  o.rutz.AttributeLevelTransformation - Starting transformation for field: $.role
2024-12-19 13:37:45 [main] INFO  o.rutz.AttributeLevelTransformation - Source value: Product Manager
2024-12-19 13:37:45 [main] INFO  o.rutz.AttributeLevelTransformation - Mapping expression: 
2024-12-19 13:37:45 [main] INFO  o.rutz.AttributeLevelTransformation - Expected XML type: String
2024-12-19 13:37:45 [main] INFO  o.rutz.AttributeLevelTransformation - Source value data type: java.lang.String
2024-12-19 13:37:45 [main] INFO  o.rutz.AttributeLevelTransformation - Evaluating expression with context: org.apache.commons.jexl3.MapContext@76a2ddf3
2024-12-19 13:37:45 [main] INFO  o.rutz.AttributeLevelTransformation - Transformation resulted in null value, returning source value: Product Manager
2024-12-19 13:37:45 [main] INFO  o.rutz.AttributeLevelTransformation - Starting transformation for field: $.salary
2024-12-19 13:37:45 [main] INFO  o.rutz.AttributeLevelTransformation - Source value: 115000
2024-12-19 13:37:45 [main] INFO  o.rutz.AttributeLevelTransformation - Mapping expression: 
2024-12-19 13:37:45 [main] INFO  o.rutz.AttributeLevelTransformation - Expected XML type: Decimal
2024-12-19 13:37:45 [main] INFO  o.rutz.AttributeLevelTransformation - Source value data type: java.lang.String
2024-12-19 13:37:45 [main] INFO  o.rutz.AttributeLevelTransformation - Evaluating expression with context: org.apache.commons.jexl3.MapContext@524f3b3a
2024-12-19 13:37:45 [main] INFO  o.rutz.AttributeLevelTransformation - Transformation resulted in null value, returning source value: 115000
2024-12-19 13:37:45 [main] INFO  o.rutz.AttributeLevelTransformation - Starting transformation for field: $.taskId
2024-12-19 13:37:45 [main] INFO  o.rutz.AttributeLevelTransformation - Source value: 66
2024-12-19 13:37:45 [main] INFO  o.rutz.AttributeLevelTransformation - Mapping expression: 
2024-12-19 13:37:45 [main] INFO  o.rutz.AttributeLevelTransformation - Expected XML type: String
2024-12-19 13:37:45 [main] INFO  o.rutz.AttributeLevelTransformation - Source value data type: java.lang.String
2024-12-19 13:37:45 [main] INFO  o.rutz.AttributeLevelTransformation - Evaluating expression with context: org.apache.commons.jexl3.MapContext@41e68d87
2024-12-19 13:37:45 [main] INFO  o.rutz.AttributeLevelTransformation - Transformation resulted in null value, returning source value: 66
2024-12-19 13:37:45 [main] INFO  o.rutz.AttributeLevelTransformation - Starting transformation for field: $.description
2024-12-19 13:37:45 [main] INFO  o.rutz.AttributeLevelTransformation - Source value: Define product roadmap
2024-12-19 13:37:45 [main] INFO  o.rutz.AttributeLevelTransformation - Mapping expression: 
2024-12-19 13:37:45 [main] INFO  o.rutz.AttributeLevelTransformation - Expected XML type: String
2024-12-19 13:37:45 [main] INFO  o.rutz.AttributeLevelTransformation - Source value data type: java.lang.String
2024-12-19 13:37:45 [main] INFO  o.rutz.AttributeLevelTransformation - Evaluating expression with context: org.apache.commons.jexl3.MapContext@49ff7d8c
2024-12-19 13:37:45 [main] INFO  o.rutz.AttributeLevelTransformation - Transformation resulted in null value, returning source value: Define product roadmap
2024-12-19 13:37:45 [main] INFO  o.rutz.AttributeLevelTransformation - Starting transformation for field: $.status
2024-12-19 13:37:45 [main] INFO  o.rutz.AttributeLevelTransformation - Source value: In Progress
2024-12-19 13:37:45 [main] INFO  o.rutz.AttributeLevelTransformation - Mapping expression: 
2024-12-19 13:37:45 [main] INFO  o.rutz.AttributeLevelTransformation - Expected XML type: String
2024-12-19 13:37:45 [main] INFO  o.rutz.AttributeLevelTransformation - Source value data type: java.lang.String
2024-12-19 13:37:45 [main] INFO  o.rutz.AttributeLevelTransformation - Evaluating expression with context: org.apache.commons.jexl3.MapContext@29526c05
2024-12-19 13:37:45 [main] INFO  o.rutz.AttributeLevelTransformation - Transformation resulted in null value, returning source value: In Progress
2024-12-19 13:37:45 [main] INFO  o.rutz.AttributeLevelTransformation - Starting transformation for field: $.campaignId
2024-12-19 13:37:45 [main] INFO  o.rutz.AttributeLevelTransformation - Source value: C3
2024-12-19 13:37:45 [main] INFO  o.rutz.AttributeLevelTransformation - Mapping expression: 
2024-12-19 13:37:45 [main] INFO  o.rutz.AttributeLevelTransformation - Expected XML type: String
2024-12-19 13:37:45 [main] INFO  o.rutz.AttributeLevelTransformation - Source value data type: java.lang.String
2024-12-19 13:37:45 [main] INFO  o.rutz.AttributeLevelTransformation - Evaluating expression with context: org.apache.commons.jexl3.MapContext@2ef14fe
2024-12-19 13:37:45 [main] INFO  o.rutz.AttributeLevelTransformation - Transformation resulted in null value, returning source value: C3
2024-12-19 13:37:45 [main] INFO  o.rutz.AttributeLevelTransformation - Starting transformation for field: $.name
2024-12-19 13:37:45 [main] INFO  o.rutz.AttributeLevelTransformation - Source value: New Product Rollout
2024-12-19 13:37:45 [main] INFO  o.rutz.AttributeLevelTransformation - Mapping expression: 
2024-12-19 13:37:45 [main] INFO  o.rutz.AttributeLevelTransformation - Expected XML type: String
2024-12-19 13:37:45 [main] INFO  o.rutz.AttributeLevelTransformation - Source value data type: java.lang.String
2024-12-19 13:37:45 [main] INFO  o.rutz.AttributeLevelTransformation - Evaluating expression with context: org.apache.commons.jexl3.MapContext@77102b91
2024-12-19 13:37:45 [main] INFO  o.rutz.AttributeLevelTransformation - Transformation resulted in null value, returning source value: New Product Rollout
2024-12-19 13:37:45 [main] INFO  o.rutz.AttributeLevelTransformation - Starting transformation for field: $.status
2024-12-19 13:37:45 [main] INFO  o.rutz.AttributeLevelTransformation - Source value: Ongoing
2024-12-19 13:37:45 [main] INFO  o.rutz.AttributeLevelTransformation - Mapping expression: 
2024-12-19 13:37:45 [main] INFO  o.rutz.AttributeLevelTransformation - Expected XML type: String
2024-12-19 13:37:45 [main] INFO  o.rutz.AttributeLevelTransformation - Source value data type: java.lang.String
2024-12-19 13:37:45 [main] INFO  o.rutz.AttributeLevelTransformation - Evaluating expression with context: org.apache.commons.jexl3.MapContext@45312be2
2024-12-19 13:37:45 [main] INFO  o.rutz.AttributeLevelTransformation - Transformation resulted in null value, returning source value: Ongoing
2024-12-19 13:37:45 [main] INFO  o.rutz.AttributeLevelTransformation - Starting transformation for field: $.id
2024-12-19 13:37:45 [main] INFO  o.rutz.AttributeLevelTransformation - Source value: M4
2024-12-19 13:37:45 [main] INFO  o.rutz.AttributeLevelTransformation - Mapping expression: 
2024-12-19 13:37:45 [main] INFO  o.rutz.AttributeLevelTransformation - Expected XML type: String
2024-12-19 13:37:45 [main] INFO  o.rutz.AttributeLevelTransformation - Source value data type: java.lang.String
2024-12-19 13:37:45 [main] INFO  o.rutz.AttributeLevelTransformation - Evaluating expression with context: org.apache.commons.jexl3.MapContext@7fb95505
2024-12-19 13:37:45 [main] INFO  o.rutz.AttributeLevelTransformation - Transformation resulted in null value, returning source value: M4
2024-12-19 13:37:45 [main] INFO  o.rutz.AttributeLevelTransformation - Starting transformation for field: $.name
2024-12-19 13:37:45 [main] INFO  o.rutz.AttributeLevelTransformation - Source value: Dana White
2024-12-19 13:37:45 [main] INFO  o.rutz.AttributeLevelTransformation - Mapping expression: 
2024-12-19 13:37:45 [main] INFO  o.rutz.AttributeLevelTransformation - Expected XML type: String
2024-12-19 13:37:45 [main] INFO  o.rutz.AttributeLevelTransformation - Source value data type: java.lang.String
2024-12-19 13:37:45 [main] INFO  o.rutz.AttributeLevelTransformation - Evaluating expression with context: org.apache.commons.jexl3.MapContext@58be6e8
2024-12-19 13:37:45 [main] INFO  o.rutz.AttributeLevelTransformation - Transformation resulted in null value, returning source value: Dana White
2024-12-19 13:37:45 [main] INFO  o.rutz.AttributeLevelTransformation - Starting transformation for field: $.role
2024-12-19 13:37:45 [main] INFO  o.rutz.AttributeLevelTransformation - Source value: Sales Lead
2024-12-19 13:37:45 [main] INFO  o.rutz.AttributeLevelTransformation - Mapping expression: 
2024-12-19 13:37:45 [main] INFO  o.rutz.AttributeLevelTransformation - Expected XML type: String
2024-12-19 13:37:45 [main] INFO  o.rutz.AttributeLevelTransformation - Source value data type: java.lang.String
2024-12-19 13:37:45 [main] INFO  o.rutz.AttributeLevelTransformation - Evaluating expression with context: org.apache.commons.jexl3.MapContext@7331196b
2024-12-19 13:37:45 [main] INFO  o.rutz.AttributeLevelTransformation - Transformation resulted in null value, returning source value: Sales Lead
2024-12-19 13:37:45 [main] INFO  o.rutz.AttributeLevelTransformation - Starting transformation for field: $.salary
2024-12-19 13:37:45 [main] INFO  o.rutz.AttributeLevelTransformation - Source value: 105000
2024-12-19 13:37:45 [main] INFO  o.rutz.AttributeLevelTransformation - Mapping expression: 
2024-12-19 13:37:45 [main] INFO  o.rutz.AttributeLevelTransformation - Expected XML type: Decimal
2024-12-19 13:37:45 [main] INFO  o.rutz.AttributeLevelTransformation - Source value data type: java.lang.String
2024-12-19 13:37:45 [main] INFO  o.rutz.AttributeLevelTransformation - Evaluating expression with context: org.apache.commons.jexl3.MapContext@3f9342d4
2024-12-19 13:37:45 [main] INFO  o.rutz.AttributeLevelTransformation - Transformation resulted in null value, returning source value: 105000
2024-12-19 13:37:45 [main] INFO  o.rutz.AttributeLevelTransformation - Starting transformation for field: $.taskId
2024-12-19 13:37:45 [main] INFO  o.rutz.AttributeLevelTransformation - Source value: 77
2024-12-19 13:37:45 [main] INFO  o.rutz.AttributeLevelTransformation - Mapping expression: 
2024-12-19 13:37:45 [main] INFO  o.rutz.AttributeLevelTransformation - Expected XML type: String
2024-12-19 13:37:45 [main] INFO  o.rutz.AttributeLevelTransformation - Source value data type: java.lang.String
2024-12-19 13:37:45 [main] INFO  o.rutz.AttributeLevelTransformation - Evaluating expression with context: org.apache.commons.jexl3.MapContext@ab7395e
2024-12-19 13:37:45 [main] INFO  o.rutz.AttributeLevelTransformation - Transformation resulted in null value, returning source value: 77
2024-12-19 13:37:45 [main] INFO  o.rutz.AttributeLevelTransformation - Starting transformation for field: $.description
2024-12-19 13:37:45 [main] INFO  o.rutz.AttributeLevelTransformation - Source value: Coordinate sales efforts
2024-12-19 13:37:45 [main] INFO  o.rutz.AttributeLevelTransformation - Mapping expression: 
2024-12-19 13:37:45 [main] INFO  o.rutz.AttributeLevelTransformation - Expected XML type: String
2024-12-19 13:37:45 [main] INFO  o.rutz.AttributeLevelTransformation - Source value data type: java.lang.String
2024-12-19 13:37:45 [main] INFO  o.rutz.AttributeLevelTransformation - Evaluating expression with context: org.apache.commons.jexl3.MapContext@50d13246
2024-12-19 13:37:45 [main] INFO  o.rutz.AttributeLevelTransformation - Transformation resulted in null value, returning source value: Coordinate sales efforts
2024-12-19 13:37:45 [main] INFO  o.rutz.AttributeLevelTransformation - Starting transformation for field: $.status
2024-12-19 13:37:45 [main] INFO  o.rutz.AttributeLevelTransformation - Source value: Completed
2024-12-19 13:37:45 [main] INFO  o.rutz.AttributeLevelTransformation - Mapping expression: 
2024-12-19 13:37:45 [main] INFO  o.rutz.AttributeLevelTransformation - Expected XML type: String
2024-12-19 13:37:45 [main] INFO  o.rutz.AttributeLevelTransformation - Source value data type: java.lang.String
2024-12-19 13:37:45 [main] INFO  o.rutz.AttributeLevelTransformation - Evaluating expression with context: org.apache.commons.jexl3.MapContext@2bd08376
2024-12-19 13:37:45 [main] INFO  o.rutz.AttributeLevelTransformation - Transformation resulted in null value, returning source value: Completed
2024-12-19 13:37:45 [main] INFO  o.rutz.AttributeLevelTransformation - Starting transformation for field: $.campaignId
2024-12-19 13:37:45 [main] INFO  o.rutz.AttributeLevelTransformation - Source value: 02
2024-12-19 13:37:45 [main] INFO  o.rutz.AttributeLevelTransformation - Mapping expression: 
2024-12-19 13:37:45 [main] INFO  o.rutz.AttributeLevelTransformation - Expected XML type: String
2024-12-19 13:37:45 [main] INFO  o.rutz.AttributeLevelTransformation - Source value data type: java.lang.String
2024-12-19 13:37:45 [main] INFO  o.rutz.AttributeLevelTransformation - Evaluating expression with context: org.apache.commons.jexl3.MapContext@e70f13a
2024-12-19 13:37:45 [main] INFO  o.rutz.AttributeLevelTransformation - Transformation resulted in null value, returning source value: 02
2024-12-19 13:37:45 [main] INFO  o.rutz.AttributeLevelTransformation - Starting transformation for field: $.name
2024-12-19 13:37:45 [main] INFO  o.rutz.AttributeLevelTransformation - Source value: End of Year Promotion
2024-12-19 13:37:45 [main] INFO  o.rutz.AttributeLevelTransformation - Mapping expression: 
2024-12-19 13:37:45 [main] INFO  o.rutz.AttributeLevelTransformation - Expected XML type: String
2024-12-19 13:37:45 [main] INFO  o.rutz.AttributeLevelTransformation - Source value data type: java.lang.String
2024-12-19 13:37:45 [main] INFO  o.rutz.AttributeLevelTransformation - Evaluating expression with context: org.apache.commons.jexl3.MapContext@3d3e5463
2024-12-19 13:37:45 [main] INFO  o.rutz.AttributeLevelTransformation - Transformation resulted in null value, returning source value: End of Year Promotion
2024-12-19 13:37:45 [main] INFO  o.rutz.AttributeLevelTransformation - Starting transformation for field: $.status
2024-12-19 13:37:45 [main] INFO  o.rutz.AttributeLevelTransformation - Source value: Completed
2024-12-19 13:37:45 [main] INFO  o.rutz.AttributeLevelTransformation - Mapping expression: 
2024-12-19 13:37:45 [main] INFO  o.rutz.AttributeLevelTransformation - Expected XML type: String
2024-12-19 13:37:45 [main] INFO  o.rutz.AttributeLevelTransformation - Source value data type: java.lang.String
2024-12-19 13:37:45 [main] INFO  o.rutz.AttributeLevelTransformation - Evaluating expression with context: org.apache.commons.jexl3.MapContext@64a40280
2024-12-19 13:37:45 [main] INFO  o.rutz.AttributeLevelTransformation - Transformation resulted in null value, returning source value: Completed
2024-12-19 13:39:36 [main] INFO  o.rutz.AttributeLevelTransformation - Starting transformation for field: $.companyName
2024-12-19 13:39:36 [main] INFO  o.rutz.AttributeLevelTransformation - Source value: Tech Innovators Inc.
2024-12-19 13:39:36 [main] INFO  o.rutz.AttributeLevelTransformation - Mapping expression: 
2024-12-19 13:39:36 [main] INFO  o.rutz.AttributeLevelTransformation - Expected XML type: String
2024-12-19 13:39:36 [main] INFO  o.rutz.AttributeLevelTransformation - Source value data type: java.lang.String
2024-12-19 13:39:36 [main] INFO  o.rutz.AttributeLevelTransformation - Evaluating expression with context: org.apache.commons.jexl3.MapContext@6b58b9e9
2024-12-19 13:39:36 [main] INFO  o.rutz.AttributeLevelTransformation - Transformation resulted in null value, returning source value: Tech Innovators Inc.
2024-12-19 13:39:36 [main] INFO  o.rutz.AttributeLevelTransformation - Starting transformation for field: $.companyLocation
2024-12-19 13:39:36 [main] INFO  o.rutz.AttributeLevelTransformation - Source value: San Francisco, CA
2024-12-19 13:39:36 [main] INFO  o.rutz.AttributeLevelTransformation - Mapping expression: 
2024-12-19 13:39:36 [main] INFO  o.rutz.AttributeLevelTransformation - Expected XML type: String
2024-12-19 13:39:36 [main] INFO  o.rutz.AttributeLevelTransformation - Source value data type: java.lang.String
2024-12-19 13:39:36 [main] INFO  o.rutz.AttributeLevelTransformation - Evaluating expression with context: org.apache.commons.jexl3.MapContext@332796d3
2024-12-19 13:39:36 [main] INFO  o.rutz.AttributeLevelTransformation - Transformation resulted in null value, returning source value: San Francisco, CA
2024-12-19 13:39:36 [main] INFO  o.rutz.AttributeLevelTransformation - Starting transformation for field: $.branchNameNA
2024-12-19 13:39:36 [main] INFO  o.rutz.AttributeLevelTransformation - Source value: North America HQ
2024-12-19 13:39:36 [main] INFO  o.rutz.AttributeLevelTransformation - Mapping expression: 
2024-12-19 13:39:36 [main] INFO  o.rutz.AttributeLevelTransformation - Expected XML type: String
2024-12-19 13:39:36 [main] INFO  o.rutz.AttributeLevelTransformation - Source value data type: java.lang.String
2024-12-19 13:39:36 [main] INFO  o.rutz.AttributeLevelTransformation - Evaluating expression with context: org.apache.commons.jexl3.MapContext@673be18f
2024-12-19 13:39:36 [main] INFO  o.rutz.AttributeLevelTransformation - Transformation resulted in null value, returning source value: North America HQ
2024-12-19 13:39:36 [main] INFO  o.rutz.AttributeLevelTransformation - Starting transformation for field: $.branchNameEU
2024-12-19 13:39:36 [main] INFO  o.rutz.AttributeLevelTransformation - Source value: EU Branch
2024-12-19 13:39:36 [main] INFO  o.rutz.AttributeLevelTransformation - Mapping expression: 
2024-12-19 13:39:36 [main] INFO  o.rutz.AttributeLevelTransformation - Expected XML type: String
2024-12-19 13:39:36 [main] INFO  o.rutz.AttributeLevelTransformation - Source value data type: java.lang.String
2024-12-19 13:39:36 [main] INFO  o.rutz.AttributeLevelTransformation - Evaluating expression with context: org.apache.commons.jexl3.MapContext@6581dc0a
2024-12-19 13:39:36 [main] INFO  o.rutz.AttributeLevelTransformation - Transformation resulted in null value, returning source value: EU Branch
2024-12-19 13:39:36 [main] INFO  o.rutz.AttributeLevelTransformation - Starting transformation for field: $.teamNameSD
2024-12-19 13:39:36 [main] INFO  o.rutz.AttributeLevelTransformation - Source value: Software Development
2024-12-19 13:39:36 [main] INFO  o.rutz.AttributeLevelTransformation - Mapping expression: 
2024-12-19 13:39:36 [main] INFO  o.rutz.AttributeLevelTransformation - Expected XML type: String
2024-12-19 13:39:36 [main] INFO  o.rutz.AttributeLevelTransformation - Source value data type: java.lang.String
2024-12-19 13:39:36 [main] INFO  o.rutz.AttributeLevelTransformation - Evaluating expression with context: org.apache.commons.jexl3.MapContext@39de3d36
2024-12-19 13:39:36 [main] INFO  o.rutz.AttributeLevelTransformation - Transformation resulted in null value, returning source value: Software Development
2024-12-19 13:39:36 [main] INFO  o.rutz.AttributeLevelTransformation - Starting transformation for field: $.teamNameMK
2024-12-19 13:39:36 [main] INFO  o.rutz.AttributeLevelTransformation - Source value: Marketing
2024-12-19 13:39:36 [main] INFO  o.rutz.AttributeLevelTransformation - Mapping expression: 
2024-12-19 13:39:36 [main] INFO  o.rutz.AttributeLevelTransformation - Expected XML type: String
2024-12-19 13:39:36 [main] INFO  o.rutz.AttributeLevelTransformation - Source value data type: java.lang.String
2024-12-19 13:39:36 [main] INFO  o.rutz.AttributeLevelTransformation - Evaluating expression with context: org.apache.commons.jexl3.MapContext@6ce86ce1
2024-12-19 13:39:36 [main] INFO  o.rutz.AttributeLevelTransformation - Transformation resulted in null value, returning source value: Marketing
2024-12-19 13:39:36 [main] INFO  o.rutz.AttributeLevelTransformation - Starting transformation for field: $.id
2024-12-19 13:39:36 [main] INFO  o.rutz.AttributeLevelTransformation - Source value: M1
2024-12-19 13:39:36 [main] INFO  o.rutz.AttributeLevelTransformation - Mapping expression: 
2024-12-19 13:39:36 [main] INFO  o.rutz.AttributeLevelTransformation - Expected XML type: String
2024-12-19 13:39:36 [main] INFO  o.rutz.AttributeLevelTransformation - Source value data type: java.lang.String
2024-12-19 13:39:36 [main] INFO  o.rutz.AttributeLevelTransformation - Evaluating expression with context: org.apache.commons.jexl3.MapContext@54e7df6a
2024-12-19 13:39:36 [main] INFO  o.rutz.AttributeLevelTransformation - Transformation resulted in null value, returning source value: M1
2024-12-19 13:39:36 [main] INFO  o.rutz.AttributeLevelTransformation - Starting transformation for field: $.name
2024-12-19 13:39:36 [main] INFO  o.rutz.AttributeLevelTransformation - Source value: Alice Johnson
2024-12-19 13:39:36 [main] INFO  o.rutz.AttributeLevelTransformation - Mapping expression: 
2024-12-19 13:39:36 [main] INFO  o.rutz.AttributeLevelTransformation - Expected XML type: String
2024-12-19 13:39:36 [main] INFO  o.rutz.AttributeLevelTransformation - Source value data type: java.lang.String
2024-12-19 13:39:36 [main] INFO  o.rutz.AttributeLevelTransformation - Evaluating expression with context: org.apache.commons.jexl3.MapContext@3fed2870
2024-12-19 13:39:36 [main] INFO  o.rutz.AttributeLevelTransformation - Transformation resulted in null value, returning source value: Alice Johnson
2024-12-19 13:39:36 [main] INFO  o.rutz.AttributeLevelTransformation - Starting transformation for field: $.role
2024-12-19 13:39:36 [main] INFO  o.rutz.AttributeLevelTransformation - Source value: Lead Developer
2024-12-19 13:39:36 [main] INFO  o.rutz.AttributeLevelTransformation - Mapping expression: 
2024-12-19 13:39:36 [main] INFO  o.rutz.AttributeLevelTransformation - Expected XML type: String
2024-12-19 13:39:36 [main] INFO  o.rutz.AttributeLevelTransformation - Source value data type: java.lang.String
2024-12-19 13:39:36 [main] INFO  o.rutz.AttributeLevelTransformation - Evaluating expression with context: org.apache.commons.jexl3.MapContext@77128536
2024-12-19 13:39:36 [main] INFO  o.rutz.AttributeLevelTransformation - Transformation resulted in null value, returning source value: Lead Developer
2024-12-19 13:39:36 [main] INFO  o.rutz.AttributeLevelTransformation - Starting transformation for field: $.salary
2024-12-19 13:39:36 [main] INFO  o.rutz.AttributeLevelTransformation - Source value: 120000
2024-12-19 13:39:36 [main] INFO  o.rutz.AttributeLevelTransformation - Mapping expression: 
2024-12-19 13:39:36 [main] INFO  o.rutz.AttributeLevelTransformation - Expected XML type: Decimal
2024-12-19 13:39:36 [main] INFO  o.rutz.AttributeLevelTransformation - Source value data type: java.lang.String
2024-12-19 13:39:36 [main] INFO  o.rutz.AttributeLevelTransformation - Evaluating expression with context: org.apache.commons.jexl3.MapContext@58326051
2024-12-19 13:39:36 [main] INFO  o.rutz.AttributeLevelTransformation - Transformation resulted in null value, returning source value: 120000
2024-12-19 13:39:36 [main] INFO  o.rutz.AttributeLevelTransformation - Starting transformation for field: $.taskId
2024-12-19 13:39:36 [main] INFO  o.rutz.AttributeLevelTransformation - Source value: 55
2024-12-19 13:39:36 [main] INFO  o.rutz.AttributeLevelTransformation - Mapping expression: fmfcn:addFive(val)
2024-12-19 13:39:36 [main] INFO  o.rutz.AttributeLevelTransformation - Expected XML type: Integer
2024-12-19 13:39:36 [main] INFO  o.rutz.AttributeLevelTransformation - Source value data type: java.lang.String
2024-12-19 13:39:36 [main] WARN  o.rutz.AttributeLevelTransformation - Unrecognized data type for conversion: Integer
2024-12-19 13:39:36 [main] INFO  o.rutz.AttributeLevelTransformation - Converted value: 55 (type: java.lang.String)
2024-12-19 13:39:36 [main] INFO  o.rutz.AttributeLevelTransformation - Evaluating expression with context: org.apache.commons.jexl3.MapContext@32c4e8b2
2024-12-19 13:39:36 [main] ERROR o.rutz.AttributeLevelTransformation - Error evaluating JEXL expression for field: $.taskId with value: 55
org.apache.commons.jexl3.JexlException$Method: org.rutz.ExpressionEvaluator.attrEval:53 unsolvable function/method 'addFive(String)'
	at org.rutz.ExpressionEvaluator.attrEval(ExpressionEvaluator.java:54)
	at org.rutz.AttributeLevelTransformation.transform(AttributeLevelTransformation.java:62)
	at org.rutz.JsonToXmlSteam.processValueNode(JsonToXmlSteam.java:113)
	at org.rutz.JsonToXmlSteam.processElement(JsonToXmlSteam.java:75)
	at org.rutz.JsonToXmlSteam.writeXmlElement(JsonToXmlSteam.java:52)
	at org.rutz.JsonToXmlSteam.processChildMappings(JsonToXmlSteam.java:128)
	at org.rutz.JsonToXmlSteam.processArrayElement(JsonToXmlSteam.java:90)
	at org.rutz.JsonToXmlSteam.processElement(JsonToXmlSteam.java:71)
	at org.rutz.JsonToXmlSteam.writeXmlElement(JsonToXmlSteam.java:60)
	at org.rutz.JsonToXmlSteam.processChildMappings(JsonToXmlSteam.java:128)
	at org.rutz.JsonToXmlSteam.processArrayElement(JsonToXmlSteam.java:90)
	at org.rutz.JsonToXmlSteam.processElement(JsonToXmlSteam.java:71)
	at org.rutz.JsonToXmlSteam.writeXmlElement(JsonToXmlSteam.java:60)
	at org.rutz.JsonToXmlSteam.processChildMappings(JsonToXmlSteam.java:128)
	at org.rutz.JsonToXmlSteam.processArrayElement(JsonToXmlSteam.java:90)
	at org.rutz.JsonToXmlSteam.processElement(JsonToXmlSteam.java:71)
	at org.rutz.JsonToXmlSteam.writeXmlElement(JsonToXmlSteam.java:60)
	at org.rutz.JsonToXmlSteam.processChildMappings(JsonToXmlSteam.java:128)
	at org.rutz.JsonToXmlSteam.processArrayElement(JsonToXmlSteam.java:90)
	at org.rutz.JsonToXmlSteam.processElement(JsonToXmlSteam.java:71)
	at org.rutz.JsonToXmlSteam.writeXmlElement(JsonToXmlSteam.java:60)
	at org.rutz.JsonToXmlSteam.processChildMappings(JsonToXmlSteam.java:128)
	at org.rutz.JsonToXmlSteam.processObjectElement(JsonToXmlSteam.java:102)
	at org.rutz.JsonToXmlSteam.processElement(JsonToXmlSteam.java:73)
	at org.rutz.JsonToXmlSteam.writeXmlElement(JsonToXmlSteam.java:52)
	at org.rutz.JsonToXmlSteam.processChildMappings(JsonToXmlSteam.java:128)
	at org.rutz.JsonToXmlSteam.processObjectElement(JsonToXmlSteam.java:102)
	at org.rutz.JsonToXmlSteam.processElement(JsonToXmlSteam.java:73)
	at org.rutz.JsonToXmlSteam.writeXmlElement(JsonToXmlSteam.java:52)
	at org.rutz.JsonToXmlSteam.transformJsonToXml(JsonToXmlSteam.java:35)
	at JsonToXmlStreamTest.testJsonToXmlTransformation(JsonToXmlStreamTest.java:26)
	at java.base/jdk.internal.reflect.NativeMethodAccessorImpl.invoke0(Native Method)
	at java.base/jdk.internal.reflect.NativeMethodAccessorImpl.invoke(NativeMethodAccessorImpl.java:77)
	at java.base/jdk.internal.reflect.DelegatingMethodAccessorImpl.invoke(DelegatingMethodAccessorImpl.java:43)
	at java.base/java.lang.reflect.Method.invoke(Method.java:568)
	at org.junit.platform.commons.util.ReflectionUtils.invokeMethod(ReflectionUtils.java:727)
	at org.junit.jupiter.engine.execution.MethodInvocation.proceed(MethodInvocation.java:60)
	at org.junit.jupiter.engine.execution.InvocationInterceptorChain$ValidatingInvocation.proceed(InvocationInterceptorChain.java:131)
	at org.junit.jupiter.engine.extension.TimeoutExtension.intercept(TimeoutExtension.java:156)
	at org.junit.jupiter.engine.extension.TimeoutExtension.interceptTestableMethod(TimeoutExtension.java:147)
	at org.junit.jupiter.engine.extension.TimeoutExtension.interceptTestMethod(TimeoutExtension.java:86)
	at org.junit.jupiter.engine.execution.InterceptingExecutableInvoker$ReflectiveInterceptorCall.lambda$ofVoidMethod$0(InterceptingExecutableInvoker.java:103)
	at org.junit.jupiter.engine.execution.InterceptingExecutableInvoker.lambda$invoke$0(InterceptingExecutableInvoker.java:93)
	at org.junit.jupiter.engine.execution.InvocationInterceptorChain$InterceptedInvocation.proceed(InvocationInterceptorChain.java:106)
	at org.junit.jupiter.engine.execution.InvocationInterceptorChain.proceed(InvocationInterceptorChain.java:64)
	at org.junit.jupiter.engine.execution.InvocationInterceptorChain.chainAndInvoke(InvocationInterceptorChain.java:45)
	at org.junit.jupiter.engine.execution.InvocationInterceptorChain.invoke(InvocationInterceptorChain.java:37)
	at org.junit.jupiter.engine.execution.InterceptingExecutableInvoker.invoke(InterceptingExecutableInvoker.java:92)
	at org.junit.jupiter.engine.execution.InterceptingExecutableInvoker.invoke(InterceptingExecutableInvoker.java:86)
	at org.junit.jupiter.engine.descriptor.TestMethodTestDescriptor.lambda$invokeTestMethod$7(TestMethodTestDescriptor.java:217)
	at org.junit.platform.engine.support.hierarchical.ThrowableCollector.execute(ThrowableCollector.java:73)
	at org.junit.jupiter.engine.descriptor.TestMethodTestDescriptor.invokeTestMethod(TestMethodTestDescriptor.java:213)
	at org.junit.jupiter.engine.descriptor.TestMethodTestDescriptor.execute(TestMethodTestDescriptor.java:138)
	at org.junit.jupiter.engine.descriptor.TestMethodTestDescriptor.execute(TestMethodTestDescriptor.java:68)
	at org.junit.platform.engine.support.hierarchical.NodeTestTask.lambda$executeRecursively$6(NodeTestTask.java:151)
	at org.junit.platform.engine.support.hierarchical.ThrowableCollector.execute(ThrowableCollector.java:73)
	at org.junit.platform.engine.support.hierarchical.NodeTestTask.lambda$executeRecursively$8(NodeTestTask.java:141)
	at org.junit.platform.engine.support.hierarchical.Node.around(Node.java:137)
	at org.junit.platform.engine.support.hierarchical.NodeTestTask.lambda$executeRecursively$9(NodeTestTask.java:139)
	at org.junit.platform.engine.support.hierarchical.ThrowableCollector.execute(ThrowableCollector.java:73)
	at org.junit.platform.engine.support.hierarchical.NodeTestTask.executeRecursively(NodeTestTask.java:138)
	at org.junit.platform.engine.support.hierarchical.NodeTestTask.execute(NodeTestTask.java:95)
	at java.base/java.util.ArrayList.forEach(ArrayList.java:1511)
	at org.junit.platform.engine.support.hierarchical.SameThreadHierarchicalTestExecutorService.invokeAll(SameThreadHierarchicalTestExecutorService.java:41)
	at org.junit.platform.engine.support.hierarchical.NodeTestTask.lambda$executeRecursively$6(NodeTestTask.java:155)
	at org.junit.platform.engine.support.hierarchical.ThrowableCollector.execute(ThrowableCollector.java:73)
	at org.junit.platform.engine.support.hierarchical.NodeTestTask.lambda$executeRecursively$8(NodeTestTask.java:141)
	at org.junit.platform.engine.support.hierarchical.Node.around(Node.java:137)
	at org.junit.platform.engine.support.hierarchical.NodeTestTask.lambda$executeRecursively$9(NodeTestTask.java:139)
	at org.junit.platform.engine.support.hierarchical.ThrowableCollector.execute(ThrowableCollector.java:73)
	at org.junit.platform.engine.support.hierarchical.NodeTestTask.executeRecursively(NodeTestTask.java:138)
	at org.junit.platform.engine.support.hierarchical.NodeTestTask.execute(NodeTestTask.java:95)
	at java.base/java.util.ArrayList.forEach(ArrayList.java:1511)
	at org.junit.platform.engine.support.hierarchical.SameThreadHierarchicalTestExecutorService.invokeAll(SameThreadHierarchicalTestExecutorService.java:41)
	at org.junit.platform.engine.support.hierarchical.NodeTestTask.lambda$executeRecursively$6(NodeTestTask.java:155)
	at org.junit.platform.engine.support.hierarchical.ThrowableCollector.execute(ThrowableCollector.java:73)
	at org.junit.platform.engine.support.hierarchical.NodeTestTask.lambda$executeRecursively$8(NodeTestTask.java:141)
	at org.junit.platform.engine.support.hierarchical.Node.around(Node.java:137)
	at org.junit.platform.engine.support.hierarchical.NodeTestTask.lambda$executeRecursively$9(NodeTestTask.java:139)
	at org.junit.platform.engine.support.hierarchical.ThrowableCollector.execute(ThrowableCollector.java:73)
	at org.junit.platform.engine.support.hierarchical.NodeTestTask.executeRecursively(NodeTestTask.java:138)
	at org.junit.platform.engine.support.hierarchical.NodeTestTask.execute(NodeTestTask.java:95)
	at org.junit.platform.engine.support.hierarchical.SameThreadHierarchicalTestExecutorService.submit(SameThreadHierarchicalTestExecutorService.java:35)
	at org.junit.platform.engine.support.hierarchical.HierarchicalTestExecutor.execute(HierarchicalTestExecutor.java:57)
	at org.junit.platform.engine.support.hierarchical.HierarchicalTestEngine.execute(HierarchicalTestEngine.java:54)
	at org.junit.platform.launcher.core.EngineExecutionOrchestrator.execute(EngineExecutionOrchestrator.java:147)
	at org.junit.platform.launcher.core.EngineExecutionOrchestrator.execute(EngineExecutionOrchestrator.java:127)
	at org.junit.platform.launcher.core.EngineExecutionOrchestrator.execute(EngineExecutionOrchestrator.java:90)
	at org.junit.platform.launcher.core.EngineExecutionOrchestrator.lambda$execute$0(EngineExecutionOrchestrator.java:55)
	at org.junit.platform.launcher.core.EngineExecutionOrchestrator.withInterceptedStreams(EngineExecutionOrchestrator.java:102)
	at org.junit.platform.launcher.core.EngineExecutionOrchestrator.execute(EngineExecutionOrchestrator.java:54)
	at org.junit.platform.launcher.core.DefaultLauncher.execute(DefaultLauncher.java:114)
	at org.junit.platform.launcher.core.DefaultLauncher.execute(DefaultLauncher.java:86)
	at org.junit.platform.launcher.core.DefaultLauncherSession$DelegatingLauncher.execute(DefaultLauncherSession.java:86)
	at org.junit.platform.launcher.core.SessionPerRequestLauncher.execute(SessionPerRequestLauncher.java:53)
	at com.intellij.junit5.JUnit5IdeaTestRunner.startRunnerWithArgs(JUnit5IdeaTestRunner.java:57)
	at com.intellij.rt.junit.IdeaTestRunner$Repeater$1.execute(IdeaTestRunner.java:38)
	at com.intellij.rt.execution.junit.TestsRepeater.repeat(TestsRepeater.java:11)
	at com.intellij.rt.junit.IdeaTestRunner$Repeater.startRunnerWithArgs(IdeaTestRunner.java:35)
	at com.intellij.rt.junit.JUnitStarter.prepareStreamsAndStart(JUnitStarter.java:232)
	at com.intellij.rt.junit.JUnitStarter.main(JUnitStarter.java:55)
2024-12-19 13:45:39 [main] INFO  o.rutz.AttributeLevelTransformation - Starting transformation for field: $.companyName
2024-12-19 13:45:39 [main] INFO  o.rutz.AttributeLevelTransformation - Source value: Tech Innovators Inc.
2024-12-19 13:45:39 [main] INFO  o.rutz.AttributeLevelTransformation - Mapping expression: 
2024-12-19 13:45:39 [main] INFO  o.rutz.AttributeLevelTransformation - Expected XML type: String
2024-12-19 13:45:39 [main] INFO  o.rutz.AttributeLevelTransformation - Source value data type: java.lang.String
2024-12-19 13:45:39 [main] INFO  o.rutz.AttributeLevelTransformation - Evaluating expression with context: org.apache.commons.jexl3.MapContext@6b58b9e9
2024-12-19 13:45:39 [main] INFO  o.rutz.AttributeLevelTransformation - Transformation resulted in null value, returning source value: Tech Innovators Inc.
2024-12-19 13:45:39 [main] INFO  o.rutz.AttributeLevelTransformation - Starting transformation for field: $.companyLocation
2024-12-19 13:45:39 [main] INFO  o.rutz.AttributeLevelTransformation - Source value: San Francisco, CA
2024-12-19 13:45:39 [main] INFO  o.rutz.AttributeLevelTransformation - Mapping expression: 
2024-12-19 13:45:39 [main] INFO  o.rutz.AttributeLevelTransformation - Expected XML type: String
2024-12-19 13:45:39 [main] INFO  o.rutz.AttributeLevelTransformation - Source value data type: java.lang.String
2024-12-19 13:45:39 [main] INFO  o.rutz.AttributeLevelTransformation - Evaluating expression with context: org.apache.commons.jexl3.MapContext@332796d3
2024-12-19 13:45:39 [main] INFO  o.rutz.AttributeLevelTransformation - Transformation resulted in null value, returning source value: San Francisco, CA
2024-12-19 13:45:39 [main] INFO  o.rutz.AttributeLevelTransformation - Starting transformation for field: $.branchNameNA
2024-12-19 13:45:39 [main] INFO  o.rutz.AttributeLevelTransformation - Source value: North America HQ
2024-12-19 13:45:39 [main] INFO  o.rutz.AttributeLevelTransformation - Mapping expression: 
2024-12-19 13:45:39 [main] INFO  o.rutz.AttributeLevelTransformation - Expected XML type: String
2024-12-19 13:45:39 [main] INFO  o.rutz.AttributeLevelTransformation - Source value data type: java.lang.String
2024-12-19 13:45:39 [main] INFO  o.rutz.AttributeLevelTransformation - Evaluating expression with context: org.apache.commons.jexl3.MapContext@673be18f
2024-12-19 13:45:39 [main] INFO  o.rutz.AttributeLevelTransformation - Transformation resulted in null value, returning source value: North America HQ
2024-12-19 13:45:39 [main] INFO  o.rutz.AttributeLevelTransformation - Starting transformation for field: $.branchNameEU
2024-12-19 13:45:39 [main] INFO  o.rutz.AttributeLevelTransformation - Source value: EU Branch
2024-12-19 13:45:39 [main] INFO  o.rutz.AttributeLevelTransformation - Mapping expression: 
2024-12-19 13:45:39 [main] INFO  o.rutz.AttributeLevelTransformation - Expected XML type: String
2024-12-19 13:45:39 [main] INFO  o.rutz.AttributeLevelTransformation - Source value data type: java.lang.String
2024-12-19 13:45:39 [main] INFO  o.rutz.AttributeLevelTransformation - Evaluating expression with context: org.apache.commons.jexl3.MapContext@6581dc0a
2024-12-19 13:45:39 [main] INFO  o.rutz.AttributeLevelTransformation - Transformation resulted in null value, returning source value: EU Branch
2024-12-19 13:45:39 [main] INFO  o.rutz.AttributeLevelTransformation - Starting transformation for field: $.teamNameSD
2024-12-19 13:45:39 [main] INFO  o.rutz.AttributeLevelTransformation - Source value: Software Development
2024-12-19 13:45:39 [main] INFO  o.rutz.AttributeLevelTransformation - Mapping expression: 
2024-12-19 13:45:39 [main] INFO  o.rutz.AttributeLevelTransformation - Expected XML type: String
2024-12-19 13:45:39 [main] INFO  o.rutz.AttributeLevelTransformation - Source value data type: java.lang.String
2024-12-19 13:45:39 [main] INFO  o.rutz.AttributeLevelTransformation - Evaluating expression with context: org.apache.commons.jexl3.MapContext@39de3d36
2024-12-19 13:45:39 [main] INFO  o.rutz.AttributeLevelTransformation - Transformation resulted in null value, returning source value: Software Development
2024-12-19 13:45:39 [main] INFO  o.rutz.AttributeLevelTransformation - Starting transformation for field: $.teamNameMK
2024-12-19 13:45:39 [main] INFO  o.rutz.AttributeLevelTransformation - Source value: Marketing
2024-12-19 13:45:39 [main] INFO  o.rutz.AttributeLevelTransformation - Mapping expression: 
2024-12-19 13:45:39 [main] INFO  o.rutz.AttributeLevelTransformation - Expected XML type: String
2024-12-19 13:45:39 [main] INFO  o.rutz.AttributeLevelTransformation - Source value data type: java.lang.String
2024-12-19 13:45:39 [main] INFO  o.rutz.AttributeLevelTransformation - Evaluating expression with context: org.apache.commons.jexl3.MapContext@6ce86ce1
2024-12-19 13:45:39 [main] INFO  o.rutz.AttributeLevelTransformation - Transformation resulted in null value, returning source value: Marketing
2024-12-19 13:45:39 [main] INFO  o.rutz.AttributeLevelTransformation - Starting transformation for field: $.id
2024-12-19 13:45:39 [main] INFO  o.rutz.AttributeLevelTransformation - Source value: M1
2024-12-19 13:45:39 [main] INFO  o.rutz.AttributeLevelTransformation - Mapping expression: 
2024-12-19 13:45:39 [main] INFO  o.rutz.AttributeLevelTransformation - Expected XML type: String
2024-12-19 13:45:39 [main] INFO  o.rutz.AttributeLevelTransformation - Source value data type: java.lang.String
2024-12-19 13:45:39 [main] INFO  o.rutz.AttributeLevelTransformation - Evaluating expression with context: org.apache.commons.jexl3.MapContext@54e7df6a
2024-12-19 13:45:39 [main] INFO  o.rutz.AttributeLevelTransformation - Transformation resulted in null value, returning source value: M1
2024-12-19 13:45:39 [main] INFO  o.rutz.AttributeLevelTransformation - Starting transformation for field: $.name
2024-12-19 13:45:39 [main] INFO  o.rutz.AttributeLevelTransformation - Source value: Alice Johnson
2024-12-19 13:45:39 [main] INFO  o.rutz.AttributeLevelTransformation - Mapping expression: 
2024-12-19 13:45:39 [main] INFO  o.rutz.AttributeLevelTransformation - Expected XML type: String
2024-12-19 13:45:39 [main] INFO  o.rutz.AttributeLevelTransformation - Source value data type: java.lang.String
2024-12-19 13:45:39 [main] INFO  o.rutz.AttributeLevelTransformation - Evaluating expression with context: org.apache.commons.jexl3.MapContext@3fed2870
2024-12-19 13:45:39 [main] INFO  o.rutz.AttributeLevelTransformation - Transformation resulted in null value, returning source value: Alice Johnson
2024-12-19 13:45:39 [main] INFO  o.rutz.AttributeLevelTransformation - Starting transformation for field: $.role
2024-12-19 13:45:39 [main] INFO  o.rutz.AttributeLevelTransformation - Source value: Lead Developer
2024-12-19 13:45:39 [main] INFO  o.rutz.AttributeLevelTransformation - Mapping expression: 
2024-12-19 13:45:39 [main] INFO  o.rutz.AttributeLevelTransformation - Expected XML type: String
2024-12-19 13:45:39 [main] INFO  o.rutz.AttributeLevelTransformation - Source value data type: java.lang.String
2024-12-19 13:45:39 [main] INFO  o.rutz.AttributeLevelTransformation - Evaluating expression with context: org.apache.commons.jexl3.MapContext@77128536
2024-12-19 13:45:39 [main] INFO  o.rutz.AttributeLevelTransformation - Transformation resulted in null value, returning source value: Lead Developer
2024-12-19 13:45:39 [main] INFO  o.rutz.AttributeLevelTransformation - Starting transformation for field: $.salary
2024-12-19 13:45:39 [main] INFO  o.rutz.AttributeLevelTransformation - Source value: 120000
2024-12-19 13:45:39 [main] INFO  o.rutz.AttributeLevelTransformation - Mapping expression: 
2024-12-19 13:45:39 [main] INFO  o.rutz.AttributeLevelTransformation - Expected XML type: Decimal
2024-12-19 13:45:39 [main] INFO  o.rutz.AttributeLevelTransformation - Source value data type: java.lang.String
2024-12-19 13:45:39 [main] INFO  o.rutz.AttributeLevelTransformation - Evaluating expression with context: org.apache.commons.jexl3.MapContext@58326051
2024-12-19 13:45:39 [main] INFO  o.rutz.AttributeLevelTransformation - Transformation resulted in null value, returning source value: 120000
2024-12-19 13:45:39 [main] INFO  o.rutz.AttributeLevelTransformation - Starting transformation for field: $.taskId
2024-12-19 13:45:39 [main] INFO  o.rutz.AttributeLevelTransformation - Source value: 55
2024-12-19 13:45:39 [main] INFO  o.rutz.AttributeLevelTransformation - Mapping expression: fmfcn:addFive(val)
2024-12-19 13:45:39 [main] INFO  o.rutz.AttributeLevelTransformation - Expected XML type: Integer
2024-12-19 13:45:39 [main] INFO  o.rutz.AttributeLevelTransformation - Source value data type: java.lang.String
2024-12-19 13:45:39 [main] WARN  o.rutz.AttributeLevelTransformation - Unrecognized data type for conversion: Integer
2024-12-19 13:45:39 [main] INFO  o.rutz.AttributeLevelTransformation - Converted value: 55 (type: java.lang.String)
2024-12-19 13:45:39 [main] INFO  o.rutz.AttributeLevelTransformation - Evaluating expression with context: org.apache.commons.jexl3.MapContext@32c4e8b2
2024-12-19 13:45:39 [main] ERROR o.rutz.AttributeLevelTransformation - Error evaluating JEXL expression for field: $.taskId with value: 55
org.apache.commons.jexl3.JexlException$Method: org.rutz.ExpressionEvaluator.attrEval:39 unsolvable function/method 'addFive(String)'
	at org.rutz.ExpressionEvaluator.attrEval(ExpressionEvaluator.java:40)
	at org.rutz.AttributeLevelTransformation.transform(AttributeLevelTransformation.java:62)
	at org.rutz.JsonToXmlSteam.processValueNode(JsonToXmlSteam.java:113)
	at org.rutz.JsonToXmlSteam.processElement(JsonToXmlSteam.java:75)
	at org.rutz.JsonToXmlSteam.writeXmlElement(JsonToXmlSteam.java:52)
	at org.rutz.JsonToXmlSteam.processChildMappings(JsonToXmlSteam.java:128)
	at org.rutz.JsonToXmlSteam.processArrayElement(JsonToXmlSteam.java:90)
	at org.rutz.JsonToXmlSteam.processElement(JsonToXmlSteam.java:71)
	at org.rutz.JsonToXmlSteam.writeXmlElement(JsonToXmlSteam.java:60)
	at org.rutz.JsonToXmlSteam.processChildMappings(JsonToXmlSteam.java:128)
	at org.rutz.JsonToXmlSteam.processArrayElement(JsonToXmlSteam.java:90)
	at org.rutz.JsonToXmlSteam.processElement(JsonToXmlSteam.java:71)
	at org.rutz.JsonToXmlSteam.writeXmlElement(JsonToXmlSteam.java:60)
	at org.rutz.JsonToXmlSteam.processChildMappings(JsonToXmlSteam.java:128)
	at org.rutz.JsonToXmlSteam.processArrayElement(JsonToXmlSteam.java:90)
	at org.rutz.JsonToXmlSteam.processElement(JsonToXmlSteam.java:71)
	at org.rutz.JsonToXmlSteam.writeXmlElement(JsonToXmlSteam.java:60)
	at org.rutz.JsonToXmlSteam.processChildMappings(JsonToXmlSteam.java:128)
	at org.rutz.JsonToXmlSteam.processArrayElement(JsonToXmlSteam.java:90)
	at org.rutz.JsonToXmlSteam.processElement(JsonToXmlSteam.java:71)
	at org.rutz.JsonToXmlSteam.writeXmlElement(JsonToXmlSteam.java:60)
	at org.rutz.JsonToXmlSteam.processChildMappings(JsonToXmlSteam.java:128)
	at org.rutz.JsonToXmlSteam.processObjectElement(JsonToXmlSteam.java:102)
	at org.rutz.JsonToXmlSteam.processElement(JsonToXmlSteam.java:73)
	at org.rutz.JsonToXmlSteam.writeXmlElement(JsonToXmlSteam.java:52)
	at org.rutz.JsonToXmlSteam.processChildMappings(JsonToXmlSteam.java:128)
	at org.rutz.JsonToXmlSteam.processObjectElement(JsonToXmlSteam.java:102)
	at org.rutz.JsonToXmlSteam.processElement(JsonToXmlSteam.java:73)
	at org.rutz.JsonToXmlSteam.writeXmlElement(JsonToXmlSteam.java:52)
	at org.rutz.JsonToXmlSteam.transformJsonToXml(JsonToXmlSteam.java:35)
	at JsonToXmlStreamTest.testJsonToXmlTransformation(JsonToXmlStreamTest.java:26)
	at java.base/jdk.internal.reflect.NativeMethodAccessorImpl.invoke0(Native Method)
	at java.base/jdk.internal.reflect.NativeMethodAccessorImpl.invoke(NativeMethodAccessorImpl.java:77)
	at java.base/jdk.internal.reflect.DelegatingMethodAccessorImpl.invoke(DelegatingMethodAccessorImpl.java:43)
	at java.base/java.lang.reflect.Method.invoke(Method.java:568)
	at org.junit.platform.commons.util.ReflectionUtils.invokeMethod(ReflectionUtils.java:727)
	at org.junit.jupiter.engine.execution.MethodInvocation.proceed(MethodInvocation.java:60)
	at org.junit.jupiter.engine.execution.InvocationInterceptorChain$ValidatingInvocation.proceed(InvocationInterceptorChain.java:131)
	at org.junit.jupiter.engine.extension.TimeoutExtension.intercept(TimeoutExtension.java:156)
	at org.junit.jupiter.engine.extension.TimeoutExtension.interceptTestableMethod(TimeoutExtension.java:147)
	at org.junit.jupiter.engine.extension.TimeoutExtension.interceptTestMethod(TimeoutExtension.java:86)
	at org.junit.jupiter.engine.execution.InterceptingExecutableInvoker$ReflectiveInterceptorCall.lambda$ofVoidMethod$0(InterceptingExecutableInvoker.java:103)
	at org.junit.jupiter.engine.execution.InterceptingExecutableInvoker.lambda$invoke$0(InterceptingExecutableInvoker.java:93)
	at org.junit.jupiter.engine.execution.InvocationInterceptorChain$InterceptedInvocation.proceed(InvocationInterceptorChain.java:106)
	at org.junit.jupiter.engine.execution.InvocationInterceptorChain.proceed(InvocationInterceptorChain.java:64)
	at org.junit.jupiter.engine.execution.InvocationInterceptorChain.chainAndInvoke(InvocationInterceptorChain.java:45)
	at org.junit.jupiter.engine.execution.InvocationInterceptorChain.invoke(InvocationInterceptorChain.java:37)
	at org.junit.jupiter.engine.execution.InterceptingExecutableInvoker.invoke(InterceptingExecutableInvoker.java:92)
	at org.junit.jupiter.engine.execution.InterceptingExecutableInvoker.invoke(InterceptingExecutableInvoker.java:86)
	at org.junit.jupiter.engine.descriptor.TestMethodTestDescriptor.lambda$invokeTestMethod$7(TestMethodTestDescriptor.java:217)
	at org.junit.platform.engine.support.hierarchical.ThrowableCollector.execute(ThrowableCollector.java:73)
	at org.junit.jupiter.engine.descriptor.TestMethodTestDescriptor.invokeTestMethod(TestMethodTestDescriptor.java:213)
	at org.junit.jupiter.engine.descriptor.TestMethodTestDescriptor.execute(TestMethodTestDescriptor.java:138)
	at org.junit.jupiter.engine.descriptor.TestMethodTestDescriptor.execute(TestMethodTestDescriptor.java:68)
	at org.junit.platform.engine.support.hierarchical.NodeTestTask.lambda$executeRecursively$6(NodeTestTask.java:151)
	at org.junit.platform.engine.support.hierarchical.ThrowableCollector.execute(ThrowableCollector.java:73)
	at org.junit.platform.engine.support.hierarchical.NodeTestTask.lambda$executeRecursively$8(NodeTestTask.java:141)
	at org.junit.platform.engine.support.hierarchical.Node.around(Node.java:137)
	at org.junit.platform.engine.support.hierarchical.NodeTestTask.lambda$executeRecursively$9(NodeTestTask.java:139)
	at org.junit.platform.engine.support.hierarchical.ThrowableCollector.execute(ThrowableCollector.java:73)
	at org.junit.platform.engine.support.hierarchical.NodeTestTask.executeRecursively(NodeTestTask.java:138)
	at org.junit.platform.engine.support.hierarchical.NodeTestTask.execute(NodeTestTask.java:95)
	at java.base/java.util.ArrayList.forEach(ArrayList.java:1511)
	at org.junit.platform.engine.support.hierarchical.SameThreadHierarchicalTestExecutorService.invokeAll(SameThreadHierarchicalTestExecutorService.java:41)
	at org.junit.platform.engine.support.hierarchical.NodeTestTask.lambda$executeRecursively$6(NodeTestTask.java:155)
	at org.junit.platform.engine.support.hierarchical.ThrowableCollector.execute(ThrowableCollector.java:73)
	at org.junit.platform.engine.support.hierarchical.NodeTestTask.lambda$executeRecursively$8(NodeTestTask.java:141)
	at org.junit.platform.engine.support.hierarchical.Node.around(Node.java:137)
	at org.junit.platform.engine.support.hierarchical.NodeTestTask.lambda$executeRecursively$9(NodeTestTask.java:139)
	at org.junit.platform.engine.support.hierarchical.ThrowableCollector.execute(ThrowableCollector.java:73)
	at org.junit.platform.engine.support.hierarchical.NodeTestTask.executeRecursively(NodeTestTask.java:138)
	at org.junit.platform.engine.support.hierarchical.NodeTestTask.execute(NodeTestTask.java:95)
	at java.base/java.util.ArrayList.forEach(ArrayList.java:1511)
	at org.junit.platform.engine.support.hierarchical.SameThreadHierarchicalTestExecutorService.invokeAll(SameThreadHierarchicalTestExecutorService.java:41)
	at org.junit.platform.engine.support.hierarchical.NodeTestTask.lambda$executeRecursively$6(NodeTestTask.java:155)
	at org.junit.platform.engine.support.hierarchical.ThrowableCollector.execute(ThrowableCollector.java:73)
	at org.junit.platform.engine.support.hierarchical.NodeTestTask.lambda$executeRecursively$8(NodeTestTask.java:141)
	at org.junit.platform.engine.support.hierarchical.Node.around(Node.java:137)
	at org.junit.platform.engine.support.hierarchical.NodeTestTask.lambda$executeRecursively$9(NodeTestTask.java:139)
	at org.junit.platform.engine.support.hierarchical.ThrowableCollector.execute(ThrowableCollector.java:73)
	at org.junit.platform.engine.support.hierarchical.NodeTestTask.executeRecursively(NodeTestTask.java:138)
	at org.junit.platform.engine.support.hierarchical.NodeTestTask.execute(NodeTestTask.java:95)
	at org.junit.platform.engine.support.hierarchical.SameThreadHierarchicalTestExecutorService.submit(SameThreadHierarchicalTestExecutorService.java:35)
	at org.junit.platform.engine.support.hierarchical.HierarchicalTestExecutor.execute(HierarchicalTestExecutor.java:57)
	at org.junit.platform.engine.support.hierarchical.HierarchicalTestEngine.execute(HierarchicalTestEngine.java:54)
	at org.junit.platform.launcher.core.EngineExecutionOrchestrator.execute(EngineExecutionOrchestrator.java:147)
	at org.junit.platform.launcher.core.EngineExecutionOrchestrator.execute(EngineExecutionOrchestrator.java:127)
	at org.junit.platform.launcher.core.EngineExecutionOrchestrator.execute(EngineExecutionOrchestrator.java:90)
	at org.junit.platform.launcher.core.EngineExecutionOrchestrator.lambda$execute$0(EngineExecutionOrchestrator.java:55)
	at org.junit.platform.launcher.core.EngineExecutionOrchestrator.withInterceptedStreams(EngineExecutionOrchestrator.java:102)
	at org.junit.platform.launcher.core.EngineExecutionOrchestrator.execute(EngineExecutionOrchestrator.java:54)
	at org.junit.platform.launcher.core.DefaultLauncher.execute(DefaultLauncher.java:114)
	at org.junit.platform.launcher.core.DefaultLauncher.execute(DefaultLauncher.java:86)
	at org.junit.platform.launcher.core.DefaultLauncherSession$DelegatingLauncher.execute(DefaultLauncherSession.java:86)
	at org.junit.platform.launcher.core.SessionPerRequestLauncher.execute(SessionPerRequestLauncher.java:53)
	at com.intellij.junit5.JUnit5IdeaTestRunner.startRunnerWithArgs(JUnit5IdeaTestRunner.java:57)
	at com.intellij.rt.junit.IdeaTestRunner$Repeater$1.execute(IdeaTestRunner.java:38)
	at com.intellij.rt.execution.junit.TestsRepeater.repeat(TestsRepeater.java:11)
	at com.intellij.rt.junit.IdeaTestRunner$Repeater.startRunnerWithArgs(IdeaTestRunner.java:35)
	at com.intellij.rt.junit.JUnitStarter.prepareStreamsAndStart(JUnitStarter.java:232)
	at com.intellij.rt.junit.JUnitStarter.main(JUnitStarter.java:55)
